<?xml version="1.0" encoding="UTF-8"?>
<testsuite name="com.sun.ts.tests.el.spec.literal.ELClientIT" tests="6" skipped="0" failures="0" errors="0" timestamp="SANITIZED" hostname="SANITIZED" time="0">
  <properties/>
  <testcase name="elIntegerLiteralTest()" classname="com.sun.ts.tests.el.spec.literal.ELClientIT" time="0"/>
  <testcase name="elSyntaxAsLiteralTest()" classname="com.sun.ts.tests.el.spec.literal.ELClientIT" time="0"/>
  <testcase name="elFloatingPointLiteralTest()" classname="com.sun.ts.tests.el.spec.literal.ELClientIT" time="0"/>
  <testcase name="elBooleanLiteralTest()" classname="com.sun.ts.tests.el.spec.literal.ELClientIT" time="0"/>
  <testcase name="elNullLiteralTest()" classname="com.sun.ts.tests.el.spec.literal.ELClientIT" time="0"/>
  <testcase name="elStringLiteralTest()" classname="com.sun.ts.tests.el.spec.literal.ELClientIT" time="0"/>
  <system-out><![CDATA[]]></system-out>
  <system-err><![CDATA[Aug 24, 2026 12:11:10 PM com.sun.ts.tests.el.spec.literal.ELClientIT logStartTest
INFO: STARTING TEST : elIntegerLiteralTest()
Aug 24, 2026 12:11:10 PM com.sun.ts.tests.el.spec.literal.ELClientIT logFinishTest
INFO: FINISHED TEST : elIntegerLiteralTest()
Aug 24, 2026 12:11:10 PM com.sun.ts.tests.el.spec.literal.ELClientIT cleanup
INFO: Cleanup method called
Aug 24, 2026 12:11:10 PM com.sun.ts.tests.el.spec.literal.ELClientIT logStartTest
INFO: STARTING TEST : elSyntaxAsLiteralTest()
Aug 24, 2026 12:11:10 PM com.sun.ts.tests.el.spec.literal.ELClientIT logFinishTest
INFO: FINISHED TEST : elSyntaxAsLiteralTest()
Aug 24, 2026 12:11:10 PM com.sun.ts.tests.el.spec.literal.ELClientIT cleanup
INFO: Cleanup method called
Aug 24, 2026 12:11:10 PM com.sun.ts.tests.el.spec.literal.ELClientIT logStartTest
INFO: STARTING TEST : elFloatingPointLiteralTest()
Aug 24, 2026 12:11:10 PM com.sun.ts.tests.el.spec.literal.ELClientIT logFinishTest
INFO: FINISHED TEST : elFloatingPointLiteralTest()
Aug 24, 2026 12:11:10 PM com.sun.ts.tests.el.spec.literal.ELClientIT cleanup
INFO: Cleanup method called
Aug 24, 2026 12:11:10 PM com.sun.ts.tests.el.spec.literal.ELClientIT logStartTest
INFO: STARTING TEST : elBooleanLiteralTest()
Aug 24, 2026 12:11:10 PM com.sun.ts.tests.el.spec.literal.ELClientIT logFinishTest
INFO: FINISHED TEST : elBooleanLiteralTest()
Aug 24, 2026 12:11:10 PM com.sun.ts.tests.el.spec.literal.ELClientIT cleanup
INFO: Cleanup method called
Aug 24, 2026 12:11:10 PM com.sun.ts.tests.el.spec.literal.ELClientIT logStartTest
INFO: STARTING TEST : elNullLiteralTest()
Aug 24, 2026 12:11:10 PM com.sun.ts.tests.el.spec.literal.ELClientIT logFinishTest
INFO: FINISHED TEST : elNullLiteralTest()
Aug 24, 2026 12:11:10 PM com.sun.ts.tests.el.spec.literal.ELClientIT cleanup
INFO: Cleanup method called
Aug 24, 2026 12:11:10 PM com.sun.ts.tests.el.spec.literal.ELClientIT logStartTest
INFO: STARTING TEST : elStringLiteralTest()
Aug 24, 2026 12:11:10 PM com.sun.ts.tests.el.spec.literal.ELClientIT logFinishTest
INFO: FINISHED TEST : elStringLiteralTest()
Aug 24, 2026 12:11:10 PM com.sun.ts.tests.el.spec.literal.ELClientIT cleanup
INFO: Cleanup method called
]]></system-err>
</testsuite>
