<?xml version="1.0" encoding="UTF-8"?>
<testsuite name="com.sun.ts.tests.el.api.jakarta_el.resourcebundleelresolver.ELClientIT" tests="3" skipped="0" failures="0" errors="0" timestamp="SANITIZED" hostname="SANITIZED" time="0">
  <properties/>
  <testcase name="resourceBundleELResolverNPETest()" classname="com.sun.ts.tests.el.api.jakarta_el.resourcebundleelresolver.ELClientIT" time="0"/>
  <testcase name="resourceBundleELResolverPNWETest()" classname="com.sun.ts.tests.el.api.jakarta_el.resourcebundleelresolver.ELClientIT" time="0"/>
  <testcase name="resourceBundleELResolverTest()" classname="com.sun.ts.tests.el.api.jakarta_el.resourcebundleelresolver.ELClientIT" time="0"/>
  <system-out><![CDATA[]]></system-out>
  <system-err><![CDATA[Aug 24, 2026 12:11:09 PM com.sun.ts.tests.el.api.jakarta_el.resourcebundleelresolver.ELClientIT logStartTest
INFO: STARTING TEST : resourceBundleELResolverNPETest()
Aug 24, 2026 12:11:09 PM com.sun.ts.tests.el.api.jakarta_el.resourcebundleelresolver.ELClientIT logFinishTest
INFO: FINISHED TEST : resourceBundleELResolverNPETest()
Aug 24, 2026 12:11:09 PM com.sun.ts.tests.el.api.jakarta_el.resourcebundleelresolver.ELClientIT cleanup
INFO: Cleanup method called
Aug 24, 2026 12:11:09 PM com.sun.ts.tests.el.api.jakarta_el.resourcebundleelresolver.ELClientIT logStartTest
INFO: STARTING TEST : resourceBundleELResolverPNWETest()
Aug 24, 2026 12:11:09 PM com.sun.ts.tests.el.api.jakarta_el.resourcebundleelresolver.ELClientIT logFinishTest
INFO: FINISHED TEST : resourceBundleELResolverPNWETest()
Aug 24, 2026 12:11:09 PM com.sun.ts.tests.el.api.jakarta_el.resourcebundleelresolver.ELClientIT cleanup
INFO: Cleanup method called
Aug 24, 2026 12:11:09 PM com.sun.ts.tests.el.api.jakarta_el.resourcebundleelresolver.ELClientIT logStartTest
INFO: STARTING TEST : resourceBundleELResolverTest()
Aug 24, 2026 12:11:09 PM com.sun.ts.tests.el.api.jakarta_el.resourcebundleelresolver.ELClientIT logFinishTest
INFO: FINISHED TEST : resourceBundleELResolverTest()
Aug 24, 2026 12:11:09 PM com.sun.ts.tests.el.api.jakarta_el.resourcebundleelresolver.ELClientIT cleanup
INFO: Cleanup method called
]]></system-err>
</testsuite>
