<?xml version="1.0" encoding="UTF-8"?>
<testsuite name="com.sun.ts.tests.el.api.jakarta_el.staticfieldelresolver.ELClientIT" tests="5" skipped="0" failures="0" errors="0" timestamp="SANITIZED" hostname="SANITIZED" time="0">
  <properties/>
  <testcase name="staticFieldELResolverNPETest()" classname="com.sun.ts.tests.el.api.jakarta_el.staticfieldelresolver.ELClientIT" time="0"/>
  <testcase name="staticFieldELResolverTest()" classname="com.sun.ts.tests.el.api.jakarta_el.staticfieldelresolver.ELClientIT" time="0"/>
  <testcase name="staticFieldELResolverInvokeTest()" classname="com.sun.ts.tests.el.api.jakarta_el.staticfieldelresolver.ELClientIT" time="0"/>
  <testcase name="staticFieldResolverInvokeMNFETest()" classname="com.sun.ts.tests.el.api.jakarta_el.staticfieldelresolver.ELClientIT" time="0"/>
  <testcase name="staticFieldResolverInvokePNFETest()" classname="com.sun.ts.tests.el.api.jakarta_el.staticfieldelresolver.ELClientIT" time="0"/>
  <system-out><![CDATA[]]></system-out>
  <system-err><![CDATA[Sep 08, 2026 8:15:18 PM com.sun.ts.tests.el.api.jakarta_el.staticfieldelresolver.ELClientIT logStartTest
INFO: STARTING TEST : staticFieldELResolverNPETest()
Sep 08, 2026 8:15:18 PM com.sun.ts.tests.el.api.jakarta_el.staticfieldelresolver.ELClientIT logFinishTest
INFO: FINISHED TEST : staticFieldELResolverNPETest()
Sep 08, 2026 8:15:18 PM com.sun.ts.tests.el.api.jakarta_el.staticfieldelresolver.ELClientIT cleanup
INFO: Cleanup method called
Sep 08, 2026 8:15:18 PM com.sun.ts.tests.el.api.jakarta_el.staticfieldelresolver.ELClientIT logStartTest
INFO: STARTING TEST : staticFieldELResolverTest()
Sep 08, 2026 8:15:18 PM com.sun.ts.tests.el.api.jakarta_el.staticfieldelresolver.ELClientIT logFinishTest
INFO: FINISHED TEST : staticFieldELResolverTest()
Sep 08, 2026 8:15:18 PM com.sun.ts.tests.el.api.jakarta_el.staticfieldelresolver.ELClientIT cleanup
INFO: Cleanup method called
Sep 08, 2026 8:15:18 PM com.sun.ts.tests.el.api.jakarta_el.staticfieldelresolver.ELClientIT logStartTest
INFO: STARTING TEST : staticFieldELResolverInvokeTest()
Sep 08, 2026 8:15:18 PM com.sun.ts.tests.el.api.jakarta_el.staticfieldelresolver.ELClientIT staticFieldELResolverInvokeTest
INFO: 
Sep 08, 2026 8:15:18 PM com.sun.ts.tests.el.api.jakarta_el.staticfieldelresolver.ELClientIT logFinishTest
INFO: FINISHED TEST : staticFieldELResolverInvokeTest()
Sep 08, 2026 8:15:18 PM com.sun.ts.tests.el.api.jakarta_el.staticfieldelresolver.ELClientIT cleanup
INFO: Cleanup method called
Sep 08, 2026 8:15:18 PM com.sun.ts.tests.el.api.jakarta_el.staticfieldelresolver.ELClientIT logStartTest
INFO: STARTING TEST : staticFieldResolverInvokeMNFETest()
Sep 08, 2026 8:15:18 PM com.sun.ts.tests.el.api.jakarta_el.staticfieldelresolver.ELClientIT staticFieldResolverInvokeMNFETest
INFO: Test Passed  invoke() threw MethodNotFoundException
Sep 08, 2026 8:15:18 PM com.sun.ts.tests.el.api.jakarta_el.staticfieldelresolver.ELClientIT logFinishTest
INFO: FINISHED TEST : staticFieldResolverInvokeMNFETest()
Sep 08, 2026 8:15:18 PM com.sun.ts.tests.el.api.jakarta_el.staticfieldelresolver.ELClientIT cleanup
INFO: Cleanup method called
Sep 08, 2026 8:15:18 PM com.sun.ts.tests.el.api.jakarta_el.staticfieldelresolver.ELClientIT logStartTest
INFO: STARTING TEST : staticFieldResolverInvokePNFETest()
Sep 08, 2026 8:15:18 PM com.sun.ts.tests.el.api.jakarta_el.staticfieldelresolver.ELClientIT logFinishTest
INFO: FINISHED TEST : staticFieldResolverInvokePNFETest()
Sep 08, 2026 8:15:18 PM com.sun.ts.tests.el.api.jakarta_el.staticfieldelresolver.ELClientIT cleanup
INFO: Cleanup method called
]]></system-err>
</testsuite>
