<?xml version="1.0" encoding="UTF-8"?>
<testsuite name="com.sun.ts.tests.el.api.jakarta_el.elprocessor.ELClientIT" tests="3" skipped="0" failures="0" errors="0" timestamp="SANITIZED" hostname="SANITIZED" time="0">
  <properties/>
  <testcase name="elProcessorDefineFunctionNPETest()" classname="com.sun.ts.tests.el.api.jakarta_el.elprocessor.ELClientIT" time="0"/>
  <testcase name="elProcessorDefineFunctionCNFETest()" classname="com.sun.ts.tests.el.api.jakarta_el.elprocessor.ELClientIT" time="0"/>
  <testcase name="elProcessorDefineFunctionNSMETest()" classname="com.sun.ts.tests.el.api.jakarta_el.elprocessor.ELClientIT" time="0"/>
  <system-out><![CDATA[]]></system-out>
  <system-err><![CDATA[Sep 08, 2026 8:15:20 PM com.sun.ts.tests.el.api.jakarta_el.elprocessor.ELClientIT logStartTest
INFO: STARTING TEST : elProcessorDefineFunctionNPETest()
Sep 08, 2026 8:15:20 PM com.sun.ts.tests.el.api.jakarta_el.elprocessor.ELClientIT elProcessorDefineFunctionNPETest
INFO: Testing: ELProcessor.defineFunction(null, function, meth)
Sep 08, 2026 8:15:20 PM com.sun.ts.tests.el.common.util.ELTestUtil checkForException
INFO: Test PASSED
Sep 08, 2026 8:15:20 PM com.sun.ts.tests.el.api.jakarta_el.elprocessor.ELClientIT elProcessorDefineFunctionNPETest
INFO: Testing: ELProcessor.defineFunction(prefix, null, meth)
Sep 08, 2026 8:15:20 PM com.sun.ts.tests.el.common.util.ELTestUtil checkForException
INFO: Test PASSED
Sep 08, 2026 8:15:20 PM com.sun.ts.tests.el.api.jakarta_el.elprocessor.ELClientIT elProcessorDefineFunctionNPETest
INFO: Testing: ELProcessor.defineFunction(prefix, function, null)
Sep 08, 2026 8:15:20 PM com.sun.ts.tests.el.common.util.ELTestUtil checkForException
INFO: Test PASSED
Sep 08, 2026 8:15:20 PM com.sun.ts.tests.el.api.jakarta_el.elprocessor.ELClientIT elProcessorDefineFunctionNPETest
INFO: Testing: ELProcessor.defineFunction(prefix, function, className, null)
Sep 08, 2026 8:15:20 PM com.sun.ts.tests.el.common.util.ELTestUtil checkForException
INFO: Test PASSED
Sep 08, 2026 8:15:20 PM com.sun.ts.tests.el.api.jakarta_el.elprocessor.ELClientIT elProcessorDefineFunctionNPETest
INFO: Testing: ELProcessor.defineFunction(prefix, function, null, method)
Sep 08, 2026 8:15:20 PM com.sun.ts.tests.el.common.util.ELTestUtil checkForException
INFO: Test PASSED
Sep 08, 2026 8:15:20 PM com.sun.ts.tests.el.api.jakarta_el.elprocessor.ELClientIT elProcessorDefineFunctionNPETest
INFO: Testing: ELProcessor.defineFunction(prefix, null, className, method)
Sep 08, 2026 8:15:20 PM com.sun.ts.tests.el.common.util.ELTestUtil checkForException
INFO: Test PASSED
Sep 08, 2026 8:15:20 PM com.sun.ts.tests.el.api.jakarta_el.elprocessor.ELClientIT elProcessorDefineFunctionNPETest
INFO: Testing: ELProcessor.defineFunction(null, function, className, method)
Sep 08, 2026 8:15:20 PM com.sun.ts.tests.el.common.util.ELTestUtil checkForException
INFO: Test PASSED
Sep 08, 2026 8:15:20 PM com.sun.ts.tests.el.api.jakarta_el.elprocessor.ELClientIT logFinishTest
INFO: FINISHED TEST : elProcessorDefineFunctionNPETest()
Sep 08, 2026 8:15:20 PM com.sun.ts.tests.el.api.jakarta_el.elprocessor.ELClientIT cleanup
INFO: Cleanup method called
Sep 08, 2026 8:15:20 PM com.sun.ts.tests.el.api.jakarta_el.elprocessor.ELClientIT logStartTest
INFO: STARTING TEST : elProcessorDefineFunctionCNFETest()
Sep 08, 2026 8:15:20 PM com.sun.ts.tests.el.api.jakarta_el.elprocessor.ELClientIT elProcessorDefineFunctionCNFETest
INFO: Testing: ELProcessor.defineFunction(null, function, className, method)
Sep 08, 2026 8:15:20 PM com.sun.ts.tests.el.common.util.ELTestUtil checkForException
INFO: Test PASSED
Sep 08, 2026 8:15:20 PM com.sun.ts.tests.el.api.jakarta_el.elprocessor.ELClientIT logFinishTest
INFO: FINISHED TEST : elProcessorDefineFunctionCNFETest()
Sep 08, 2026 8:15:20 PM com.sun.ts.tests.el.api.jakarta_el.elprocessor.ELClientIT cleanup
INFO: Cleanup method called
Sep 08, 2026 8:15:20 PM com.sun.ts.tests.el.api.jakarta_el.elprocessor.ELClientIT logStartTest
INFO: STARTING TEST : elProcessorDefineFunctionNSMETest()
Sep 08, 2026 8:15:20 PM com.sun.ts.tests.el.api.jakarta_el.elprocessor.ELClientIT elProcessorDefineFunctionNSMETest
INFO: Testing: ELProcessor.defineFunction(null, function, className, method)
Sep 08, 2026 8:15:20 PM com.sun.ts.tests.el.common.util.ELTestUtil checkForException
INFO: Test PASSED
Sep 08, 2026 8:15:20 PM com.sun.ts.tests.el.api.jakarta_el.elprocessor.ELClientIT logFinishTest
INFO: FINISHED TEST : elProcessorDefineFunctionNSMETest()
Sep 08, 2026 8:15:20 PM com.sun.ts.tests.el.api.jakarta_el.elprocessor.ELClientIT cleanup
INFO: Cleanup method called
]]></system-err>
</testsuite>
