<?xml version="1.0" encoding="UTF-8"?>
<testsuite name="com.sun.ts.tests.el.api.jakarta_el.elcontext.ELClientIT" tests="6" skipped="0" failures="0" errors="0" timestamp="SANITIZED" hostname="SANITIZED" time="0">
  <properties/>
  <testcase name="elContextPutGetContextTest()" classname="com.sun.ts.tests.el.api.jakarta_el.elcontext.ELClientIT" time="0"/>
  <testcase name="elContextPutContextNPETest()" classname="com.sun.ts.tests.el.api.jakarta_el.elcontext.ELClientIT" time="0"/>
  <testcase name="elContextGetContextNPETest()" classname="com.sun.ts.tests.el.api.jakarta_el.elcontext.ELClientIT" time="0"/>
  <testcase name="elContextAddGetListenersTest()" classname="com.sun.ts.tests.el.api.jakarta_el.elcontext.ELClientIT" time="0"/>
  <testcase name="elContextIsSetPropertyResolvedTest()" classname="com.sun.ts.tests.el.api.jakarta_el.elcontext.ELClientIT" time="0"/>
  <testcase name="elContextGetSetLocaleTest()" classname="com.sun.ts.tests.el.api.jakarta_el.elcontext.ELClientIT" time="0"/>
  <system-out><![CDATA[]]></system-out>
  <system-err><![CDATA[Sep 11, 2026 11:26:13 AM com.sun.ts.tests.el.api.jakarta_el.elcontext.ELClientIT logStartTest
INFO: STARTING TEST : elContextPutGetContextTest()
Sep 11, 2026 11:26:13 AM com.sun.ts.tests.el.api.jakarta_el.elcontext.ELClientIT logFinishTest
INFO: FINISHED TEST : elContextPutGetContextTest()
Sep 11, 2026 11:26:13 AM com.sun.ts.tests.el.api.jakarta_el.elcontext.ELClientIT cleanup
INFO: Cleanup method called
Sep 11, 2026 11:26:13 AM com.sun.ts.tests.el.api.jakarta_el.elcontext.ELClientIT logStartTest
INFO: STARTING TEST : elContextPutContextNPETest()
Sep 11, 2026 11:26:13 AM com.sun.ts.tests.el.api.jakarta_el.elcontext.ELClientIT elContextPutContextNPETest
INFO: Testing: ELContext.putContext(String.class, null)
Sep 11, 2026 11:26:13 AM com.sun.ts.tests.el.common.util.ELTestUtil checkForException
INFO: Test PASSED
Sep 11, 2026 11:26:13 AM com.sun.ts.tests.el.api.jakarta_el.elcontext.ELClientIT elContextPutContextNPETest
INFO: Testing: ELContext.putContext(null, testStrg)
Sep 11, 2026 11:26:13 AM com.sun.ts.tests.el.common.util.ELTestUtil checkForException
INFO: Test PASSED
Sep 11, 2026 11:26:13 AM com.sun.ts.tests.el.api.jakarta_el.elcontext.ELClientIT logFinishTest
INFO: FINISHED TEST : elContextPutContextNPETest()
Sep 11, 2026 11:26:13 AM com.sun.ts.tests.el.api.jakarta_el.elcontext.ELClientIT cleanup
INFO: Cleanup method called
Sep 11, 2026 11:26:13 AM com.sun.ts.tests.el.api.jakarta_el.elcontext.ELClientIT logStartTest
INFO: STARTING TEST : elContextGetContextNPETest()
Sep 11, 2026 11:26:13 AM com.sun.ts.tests.el.api.jakarta_el.elcontext.ELClientIT elContextGetContextNPETest
INFO: Testing: ELContext.getContext(null)
Sep 11, 2026 11:26:13 AM com.sun.ts.tests.el.common.util.ELTestUtil checkForException
INFO: Test PASSED
Sep 11, 2026 11:26:13 AM com.sun.ts.tests.el.api.jakarta_el.elcontext.ELClientIT logFinishTest
INFO: FINISHED TEST : elContextGetContextNPETest()
Sep 11, 2026 11:26:13 AM com.sun.ts.tests.el.api.jakarta_el.elcontext.ELClientIT cleanup
INFO: Cleanup method called
Sep 11, 2026 11:26:13 AM com.sun.ts.tests.el.api.jakarta_el.elcontext.ELClientIT logStartTest
INFO: STARTING TEST : elContextAddGetListenersTest()
Sep 11, 2026 11:26:13 AM com.sun.ts.tests.el.api.jakarta_el.elcontext.ELClientIT logFinishTest
INFO: FINISHED TEST : elContextAddGetListenersTest()
Sep 11, 2026 11:26:13 AM com.sun.ts.tests.el.api.jakarta_el.elcontext.ELClientIT cleanup
INFO: Cleanup method called
Sep 11, 2026 11:26:13 AM com.sun.ts.tests.el.api.jakarta_el.elcontext.ELClientIT logStartTest
INFO: STARTING TEST : elContextIsSetPropertyResolvedTest()
Sep 11, 2026 11:26:13 AM com.sun.ts.tests.el.api.jakarta_el.elcontext.ELClientIT logFinishTest
INFO: FINISHED TEST : elContextIsSetPropertyResolvedTest()
Sep 11, 2026 11:26:13 AM com.sun.ts.tests.el.api.jakarta_el.elcontext.ELClientIT cleanup
INFO: Cleanup method called
Sep 11, 2026 11:26:13 AM com.sun.ts.tests.el.api.jakarta_el.elcontext.ELClientIT logStartTest
INFO: STARTING TEST : elContextGetSetLocaleTest()
Sep 11, 2026 11:26:13 AM com.sun.ts.tests.el.api.jakarta_el.elcontext.ELClientIT logFinishTest
INFO: FINISHED TEST : elContextGetSetLocaleTest()
Sep 11, 2026 11:26:13 AM com.sun.ts.tests.el.api.jakarta_el.elcontext.ELClientIT cleanup
INFO: Cleanup method called
]]></system-err>
</testsuite>
