<?xml version="1.0" encoding="UTF-8"?>
<testsuite name="com.sun.ts.tests.el.spec.semicolonoperator.ELClientIT" tests="9" skipped="0" failures="0" errors="0" timestamp="SANITIZED" hostname="SANITIZED" time="0">
  <properties/>
  <testcase name="elSemiColonOperatorShortTest()" classname="com.sun.ts.tests.el.spec.semicolonoperator.ELClientIT" time="0"/>
  <testcase name="elSemiColonOperatorDoubleTest()" classname="com.sun.ts.tests.el.spec.semicolonoperator.ELClientIT" time="0"/>
  <testcase name="elSemiColonOperatorBigIntegerTest()" classname="com.sun.ts.tests.el.spec.semicolonoperator.ELClientIT" time="0"/>
  <testcase name="elSemiColonOperatorIntegerTest()" classname="com.sun.ts.tests.el.spec.semicolonoperator.ELClientIT" time="0"/>
  <testcase name="elSemiColonOperatorLongTest()" classname="com.sun.ts.tests.el.spec.semicolonoperator.ELClientIT" time="0"/>
  <testcase name="elSemiColonOperatorNullTest()" classname="com.sun.ts.tests.el.spec.semicolonoperator.ELClientIT" time="0"/>
  <testcase name="elSemiColonOperatorByteTest()" classname="com.sun.ts.tests.el.spec.semicolonoperator.ELClientIT" time="0"/>
  <testcase name="elSemiColonOperatorBigDecimalTest()" classname="com.sun.ts.tests.el.spec.semicolonoperator.ELClientIT" time="0"/>
  <testcase name="elSemiColonOperatorFloatTest()" classname="com.sun.ts.tests.el.spec.semicolonoperator.ELClientIT" time="0"/>
  <system-out><![CDATA[]]></system-out>
  <system-err><![CDATA[Aug 24, 2026 11:09:54 AM com.sun.ts.tests.el.spec.semicolonoperator.ELClientIT logStartTest
INFO: STARTING TEST : elSemiColonOperatorShortTest()
Aug 24, 2026 11:09:54 AM com.sun.ts.tests.el.common.util.Validator testExpression
INFO: *** Start Short + Short Test Sequence ***
Aug 24, 2026 11:09:54 AM com.sun.ts.tests.el.common.util.Validator testExpression
INFO: expression to be evaluated is a = types.tckShort; a + b
Aug 24, 2026 11:09:54 AM com.sun.ts.tests.el.common.util.Validator testExpression
INFO: *** End Short + Short Test Sequence ***
Aug 24, 2026 11:09:54 AM com.sun.ts.tests.el.common.util.Validator testExpression
INFO: *** Start Short * Short Test Sequence ***
Aug 24, 2026 11:09:54 AM com.sun.ts.tests.el.common.util.Validator testExpression
INFO: expression to be evaluated is a = types.tckShort; a * b
Aug 24, 2026 11:09:54 AM com.sun.ts.tests.el.common.util.Validator testExpression
INFO: *** End Short * Short Test Sequence ***
Aug 24, 2026 11:09:54 AM com.sun.ts.tests.el.common.util.Validator testExpression
INFO: *** Start Short - Short Test Sequence ***
Aug 24, 2026 11:09:54 AM com.sun.ts.tests.el.common.util.Validator testExpression
INFO: expression to be evaluated is a = types.tckShort; a - b
Aug 24, 2026 11:09:54 AM com.sun.ts.tests.el.common.util.Validator testExpression
INFO: *** End Short - Short Test Sequence ***
Aug 24, 2026 11:09:54 AM com.sun.ts.tests.el.common.util.Validator testExpression
INFO: *** Start Short / Short Test Sequence ***
Aug 24, 2026 11:09:54 AM com.sun.ts.tests.el.common.util.Validator testExpression
INFO: expression to be evaluated is a = types.tckShort; a / b
Aug 24, 2026 11:09:54 AM com.sun.ts.tests.el.common.util.Validator testExpression
INFO: *** End Short / Short Test Sequence ***
Aug 24, 2026 11:09:54 AM com.sun.ts.tests.el.common.util.Validator testExpression
INFO: *** Start Short div Short Test Sequence ***
Aug 24, 2026 11:09:54 AM com.sun.ts.tests.el.common.util.Validator testExpression
INFO: expression to be evaluated is a = types.tckShort; a div b
Aug 24, 2026 11:09:54 AM com.sun.ts.tests.el.common.util.Validator testExpression
INFO: *** End Short div Short Test Sequence ***
Aug 24, 2026 11:09:54 AM com.sun.ts.tests.el.common.util.Validator testExpression
INFO: *** Start Short % Short Test Sequence ***
Aug 24, 2026 11:09:54 AM com.sun.ts.tests.el.common.util.Validator testExpression
INFO: expression to be evaluated is a = types.tckShort; a % b
Aug 24, 2026 11:09:54 AM com.sun.ts.tests.el.common.util.Validator testExpression
INFO: *** End Short % Short Test Sequence ***
Aug 24, 2026 11:09:54 AM com.sun.ts.tests.el.common.util.Validator testExpression
INFO: *** Start Short mod Short Test Sequence ***
Aug 24, 2026 11:09:54 AM com.sun.ts.tests.el.common.util.Validator testExpression
INFO: expression to be evaluated is a mod b
Aug 24, 2026 11:09:54 AM com.sun.ts.tests.el.common.util.Validator testExpression
INFO: *** End Short mod Short Test Sequence ***
Aug 24, 2026 11:09:54 AM com.sun.ts.tests.el.common.util.Validator testExpression
INFO: *** Start Short + Byte Test Sequence ***
Aug 24, 2026 11:09:54 AM com.sun.ts.tests.el.common.util.Validator testExpression
INFO: expression to be evaluated is a = types.tckShort; a + b
Aug 24, 2026 11:09:54 AM com.sun.ts.tests.el.common.util.Validator testExpression
INFO: *** End Short + Byte Test Sequence ***
Aug 24, 2026 11:09:54 AM com.sun.ts.tests.el.common.util.Validator testExpression
INFO: *** Start Short * Byte Test Sequence ***
Aug 24, 2026 11:09:54 AM com.sun.ts.tests.el.common.util.Validator testExpression
INFO: expression to be evaluated is a = types.tckShort; a * b
Aug 24, 2026 11:09:54 AM com.sun.ts.tests.el.common.util.Validator testExpression
INFO: *** End Short * Byte Test Sequence ***
Aug 24, 2026 11:09:54 AM com.sun.ts.tests.el.common.util.Validator testExpression
INFO: *** Start Short - Byte Test Sequence ***
Aug 24, 2026 11:09:54 AM com.sun.ts.tests.el.common.util.Validator testExpression
INFO: expression to be evaluated is a = types.tckShort; a - b
Aug 24, 2026 11:09:54 AM com.sun.ts.tests.el.common.util.Validator testExpression
INFO: *** End Short - Byte Test Sequence ***
Aug 24, 2026 11:09:54 AM com.sun.ts.tests.el.common.util.Validator testExpression
INFO: *** Start Short / Byte Test Sequence ***
Aug 24, 2026 11:09:54 AM com.sun.ts.tests.el.common.util.Validator testExpression
INFO: expression to be evaluated is a = types.tckShort; a / b
Aug 24, 2026 11:09:54 AM com.sun.ts.tests.el.common.util.Validator testExpression
INFO: *** End Short / Byte Test Sequence ***
Aug 24, 2026 11:09:54 AM com.sun.ts.tests.el.common.util.Validator testExpression
INFO: *** Start Short div Byte Test Sequence ***
Aug 24, 2026 11:09:54 AM com.sun.ts.tests.el.common.util.Validator testExpression
INFO: expression to be evaluated is a = types.tckShort; a div b
Aug 24, 2026 11:09:54 AM com.sun.ts.tests.el.common.util.Validator testExpression
INFO: *** End Short div Byte Test Sequence ***
Aug 24, 2026 11:09:54 AM com.sun.ts.tests.el.common.util.Validator testExpression
INFO: *** Start Short % Byte Test Sequence ***
Aug 24, 2026 11:09:54 AM com.sun.ts.tests.el.common.util.Validator testExpression
INFO: expression to be evaluated is a = types.tckShort; a % b
Aug 24, 2026 11:09:54 AM com.sun.ts.tests.el.common.util.Validator testExpression
INFO: *** End Short % Byte Test Sequence ***
Aug 24, 2026 11:09:54 AM com.sun.ts.tests.el.common.util.Validator testExpression
INFO: *** Start Short mod Byte Test Sequence ***
Aug 24, 2026 11:09:54 AM com.sun.ts.tests.el.common.util.Validator testExpression
INFO: expression to be evaluated is a mod b
Aug 24, 2026 11:09:54 AM com.sun.ts.tests.el.common.util.Validator testExpression
INFO: *** End Short mod Byte Test Sequence ***
Aug 24, 2026 11:09:54 AM com.sun.ts.tests.el.spec.semicolonoperator.ELClientIT logFinishTest
INFO: FINISHED TEST : elSemiColonOperatorShortTest()
Aug 24, 2026 11:09:54 AM com.sun.ts.tests.el.spec.semicolonoperator.ELClientIT cleanup
INFO: Cleanup method called
Aug 24, 2026 11:09:54 AM com.sun.ts.tests.el.spec.semicolonoperator.ELClientIT logStartTest
INFO: STARTING TEST : elSemiColonOperatorDoubleTest()
Aug 24, 2026 11:09:54 AM com.sun.ts.tests.el.common.util.Validator testExpression
INFO: *** Start Double + Short Test Sequence ***
Aug 24, 2026 11:09:54 AM com.sun.ts.tests.el.common.util.Validator testExpression
INFO: expression to be evaluated is a = types.tckDouble; a + b
Aug 24, 2026 11:09:54 AM com.sun.ts.tests.el.common.util.Validator testExpression
INFO: *** End Double + Short Test Sequence ***
Aug 24, 2026 11:09:54 AM com.sun.ts.tests.el.common.util.Validator testExpression
INFO: *** Start Double * Short Test Sequence ***
Aug 24, 2026 11:09:54 AM com.sun.ts.tests.el.common.util.Validator testExpression
INFO: expression to be evaluated is a = types.tckDouble; a * b
Aug 24, 2026 11:09:54 AM com.sun.ts.tests.el.common.util.Validator testExpression
INFO: *** End Double * Short Test Sequence ***
Aug 24, 2026 11:09:54 AM com.sun.ts.tests.el.common.util.Validator testExpression
INFO: *** Start Double - Short Test Sequence ***
Aug 24, 2026 11:09:54 AM com.sun.ts.tests.el.common.util.Validator testExpression
INFO: expression to be evaluated is a = types.tckDouble; a - b
Aug 24, 2026 11:09:54 AM com.sun.ts.tests.el.common.util.Validator testExpression
INFO: *** End Double - Short Test Sequence ***
Aug 24, 2026 11:09:54 AM com.sun.ts.tests.el.common.util.Validator testExpression
INFO: *** Start Double / Short Test Sequence ***
Aug 24, 2026 11:09:54 AM com.sun.ts.tests.el.common.util.Validator testExpression
INFO: expression to be evaluated is a = types.tckDouble; a / b
Aug 24, 2026 11:09:54 AM com.sun.ts.tests.el.common.util.Validator testExpression
INFO: *** End Double / Short Test Sequence ***
Aug 24, 2026 11:09:54 AM com.sun.ts.tests.el.common.util.Validator testExpression
INFO: *** Start Double div Short Test Sequence ***
Aug 24, 2026 11:09:54 AM com.sun.ts.tests.el.common.util.Validator testExpression
INFO: expression to be evaluated is a = types.tckDouble; a div b
Aug 24, 2026 11:09:54 AM com.sun.ts.tests.el.common.util.Validator testExpression
INFO: *** End Double div Short Test Sequence ***
Aug 24, 2026 11:09:54 AM com.sun.ts.tests.el.common.util.Validator testExpression
INFO: *** Start Double % Short Test Sequence ***
Aug 24, 2026 11:09:54 AM com.sun.ts.tests.el.common.util.Validator testExpression
INFO: expression to be evaluated is a = types.tckDouble; a % b
Aug 24, 2026 11:09:54 AM com.sun.ts.tests.el.common.util.Validator testExpression
INFO: *** End Double % Short Test Sequence ***
Aug 24, 2026 11:09:54 AM com.sun.ts.tests.el.common.util.Validator testExpression
INFO: *** Start Double mod Short Test Sequence ***
Aug 24, 2026 11:09:54 AM com.sun.ts.tests.el.common.util.Validator testExpression
INFO: expression to be evaluated is a = types.tckDouble; a mod b
Aug 24, 2026 11:09:54 AM com.sun.ts.tests.el.common.util.Validator testExpression
INFO: *** End Double mod Short Test Sequence ***
Aug 24, 2026 11:09:54 AM com.sun.ts.tests.el.common.util.Validator testExpression
INFO: *** Start Double + Double Test Sequence ***
Aug 24, 2026 11:09:54 AM com.sun.ts.tests.el.common.util.Validator testExpression
INFO: expression to be evaluated is a = types.tckDouble; a + b
Aug 24, 2026 11:09:54 AM com.sun.ts.tests.el.common.util.Validator testExpression
INFO: *** End Double + Double Test Sequence ***
Aug 24, 2026 11:09:54 AM com.sun.ts.tests.el.common.util.Validator testExpression
INFO: *** Start Double * Double Test Sequence ***
Aug 24, 2026 11:09:54 AM com.sun.ts.tests.el.common.util.Validator testExpression
INFO: expression to be evaluated is a = types.tckDouble; a * b
Aug 24, 2026 11:09:54 AM com.sun.ts.tests.el.common.util.Validator testExpression
INFO: *** End Double * Double Test Sequence ***
Aug 24, 2026 11:09:54 AM com.sun.ts.tests.el.common.util.Validator testExpression
INFO: *** Start Double - Double Test Sequence ***
Aug 24, 2026 11:09:54 AM com.sun.ts.tests.el.common.util.Validator testExpression
INFO: expression to be evaluated is a = types.tckDouble; a - b
Aug 24, 2026 11:09:54 AM com.sun.ts.tests.el.common.util.Validator testExpression
INFO: *** End Double - Double Test Sequence ***
Aug 24, 2026 11:09:54 AM com.sun.ts.tests.el.common.util.Validator testExpression
INFO: *** Start Double / Double Test Sequence ***
Aug 24, 2026 11:09:54 AM com.sun.ts.tests.el.common.util.Validator testExpression
INFO: expression to be evaluated is a = types.tckDouble; a / b
Aug 24, 2026 11:09:54 AM com.sun.ts.tests.el.common.util.Validator testExpression
INFO: *** End Double / Double Test Sequence ***
Aug 24, 2026 11:09:54 AM com.sun.ts.tests.el.common.util.Validator testExpression
INFO: *** Start Double div Double Test Sequence ***
Aug 24, 2026 11:09:54 AM com.sun.ts.tests.el.common.util.Validator testExpression
INFO: expression to be evaluated is a = types.tckDouble; a div b
Aug 24, 2026 11:09:54 AM com.sun.ts.tests.el.common.util.Validator testExpression
INFO: *** End Double div Double Test Sequence ***
Aug 24, 2026 11:09:54 AM com.sun.ts.tests.el.common.util.Validator testExpression
INFO: *** Start Double % Double Test Sequence ***
Aug 24, 2026 11:09:54 AM com.sun.ts.tests.el.common.util.Validator testExpression
INFO: expression to be evaluated is a = types.tckDouble; a % b
Aug 24, 2026 11:09:54 AM com.sun.ts.tests.el.common.util.Validator testExpression
INFO: *** End Double % Double Test Sequence ***
Aug 24, 2026 11:09:54 AM com.sun.ts.tests.el.common.util.Validator testExpression
INFO: *** Start Double mod Double Test Sequence ***
Aug 24, 2026 11:09:54 AM com.sun.ts.tests.el.common.util.Validator testExpression
INFO: expression to be evaluated is a = types.tckDouble; a mod b
Aug 24, 2026 11:09:54 AM com.sun.ts.tests.el.common.util.Validator testExpression
INFO: *** End Double mod Double Test Sequence ***
Aug 24, 2026 11:09:54 AM com.sun.ts.tests.el.common.util.Validator testExpression
INFO: *** Start Double + BigInteger Test Sequence ***
Aug 24, 2026 11:09:54 AM com.sun.ts.tests.el.common.util.Validator testExpression
INFO: expression to be evaluated is a = types.tckDouble; a + b
Aug 24, 2026 11:09:54 AM com.sun.ts.tests.el.common.util.Validator testExpression
INFO: *** End Double + BigInteger Test Sequence ***
Aug 24, 2026 11:09:54 AM com.sun.ts.tests.el.common.util.Validator testExpression
INFO: *** Start Double * BigInteger Test Sequence ***
Aug 24, 2026 11:09:54 AM com.sun.ts.tests.el.common.util.Validator testExpression
INFO: expression to be evaluated is a = types.tckDouble; a * b
Aug 24, 2026 11:09:54 AM com.sun.ts.tests.el.common.util.Validator testExpression
INFO: *** End Double * BigInteger Test Sequence ***
Aug 24, 2026 11:09:54 AM com.sun.ts.tests.el.common.util.Validator testExpression
INFO: *** Start Double - BigInteger Test Sequence ***
Aug 24, 2026 11:09:54 AM com.sun.ts.tests.el.common.util.Validator testExpression
INFO: expression to be evaluated is a = types.tckDouble; a - b
Aug 24, 2026 11:09:54 AM com.sun.ts.tests.el.common.util.Validator testExpression
INFO: *** End Double - BigInteger Test Sequence ***
Aug 24, 2026 11:09:54 AM com.sun.ts.tests.el.common.util.Validator testExpression
INFO: *** Start Double / BigInteger Test Sequence ***
Aug 24, 2026 11:09:54 AM com.sun.ts.tests.el.common.util.Validator testExpression
INFO: expression to be evaluated is a = types.tckDouble; a / b
Aug 24, 2026 11:09:54 AM com.sun.ts.tests.el.common.util.Validator testExpression
INFO: *** End Double / BigInteger Test Sequence ***
Aug 24, 2026 11:09:54 AM com.sun.ts.tests.el.common.util.Validator testExpression
INFO: *** Start Double div BigInteger Test Sequence ***
Aug 24, 2026 11:09:54 AM com.sun.ts.tests.el.common.util.Validator testExpression
INFO: expression to be evaluated is a = types.tckDouble; a div b
Aug 24, 2026 11:09:54 AM com.sun.ts.tests.el.common.util.Validator testExpression
INFO: *** End Double div BigInteger Test Sequence ***
Aug 24, 2026 11:09:54 AM com.sun.ts.tests.el.common.util.Validator testExpression
INFO: *** Start Double % BigInteger Test Sequence ***
Aug 24, 2026 11:09:54 AM com.sun.ts.tests.el.common.util.Validator testExpression
INFO: expression to be evaluated is a = types.tckDouble; a % b
Aug 24, 2026 11:09:54 AM com.sun.ts.tests.el.common.util.Validator testExpression
INFO: *** End Double % BigInteger Test Sequence ***
Aug 24, 2026 11:09:54 AM com.sun.ts.tests.el.common.util.Validator testExpression
INFO: *** Start Double mod BigInteger Test Sequence ***
Aug 24, 2026 11:09:54 AM com.sun.ts.tests.el.common.util.Validator testExpression
INFO: expression to be evaluated is a = types.tckDouble; a mod b
Aug 24, 2026 11:09:54 AM com.sun.ts.tests.el.common.util.Validator testExpression
INFO: *** End Double mod BigInteger Test Sequence ***
Aug 24, 2026 11:09:54 AM com.sun.ts.tests.el.common.util.Validator testExpression
INFO: *** Start Double + Long Test Sequence ***
Aug 24, 2026 11:09:54 AM com.sun.ts.tests.el.common.util.Validator testExpression
INFO: expression to be evaluated is a = types.tckDouble; a + b
Aug 24, 2026 11:09:54 AM com.sun.ts.tests.el.common.util.Validator testExpression
INFO: *** End Double + Long Test Sequence ***
Aug 24, 2026 11:09:54 AM com.sun.ts.tests.el.common.util.Validator testExpression
INFO: *** Start Double * Long Test Sequence ***
Aug 24, 2026 11:09:54 AM com.sun.ts.tests.el.common.util.Validator testExpression
INFO: expression to be evaluated is a = types.tckDouble; a * b
Aug 24, 2026 11:09:54 AM com.sun.ts.tests.el.common.util.Validator testExpression
INFO: *** End Double * Long Test Sequence ***
Aug 24, 2026 11:09:54 AM com.sun.ts.tests.el.common.util.Validator testExpression
INFO: *** Start Double - Long Test Sequence ***
Aug 24, 2026 11:09:54 AM com.sun.ts.tests.el.common.util.Validator testExpression
INFO: expression to be evaluated is a = types.tckDouble; a - b
Aug 24, 2026 11:09:54 AM com.sun.ts.tests.el.common.util.Validator testExpression
INFO: *** End Double - Long Test Sequence ***
Aug 24, 2026 11:09:54 AM com.sun.ts.tests.el.common.util.Validator testExpression
INFO: *** Start Double / Long Test Sequence ***
Aug 24, 2026 11:09:54 AM com.sun.ts.tests.el.common.util.Validator testExpression
INFO: expression to be evaluated is a = types.tckDouble; a / b
Aug 24, 2026 11:09:54 AM com.sun.ts.tests.el.common.util.Validator testExpression
INFO: *** End Double / Long Test Sequence ***
Aug 24, 2026 11:09:54 AM com.sun.ts.tests.el.common.util.Validator testExpression
INFO: *** Start Double div Long Test Sequence ***
Aug 24, 2026 11:09:54 AM com.sun.ts.tests.el.common.util.Validator testExpression
INFO: expression to be evaluated is a = types.tckDouble; a div b
Aug 24, 2026 11:09:54 AM com.sun.ts.tests.el.common.util.Validator testExpression
INFO: *** End Double div Long Test Sequence ***
Aug 24, 2026 11:09:54 AM com.sun.ts.tests.el.common.util.Validator testExpression
INFO: *** Start Double % Long Test Sequence ***
Aug 24, 2026 11:09:54 AM com.sun.ts.tests.el.common.util.Validator testExpression
INFO: expression to be evaluated is a = types.tckDouble; a % b
Aug 24, 2026 11:09:54 AM com.sun.ts.tests.el.common.util.Validator testExpression
INFO: *** End Double % Long Test Sequence ***
Aug 24, 2026 11:09:54 AM com.sun.ts.tests.el.common.util.Validator testExpression
INFO: *** Start Double mod Long Test Sequence ***
Aug 24, 2026 11:09:54 AM com.sun.ts.tests.el.common.util.Validator testExpression
INFO: expression to be evaluated is a = types.tckDouble; a mod b
Aug 24, 2026 11:09:54 AM com.sun.ts.tests.el.common.util.Validator testExpression
INFO: *** End Double mod Long Test Sequence ***
Aug 24, 2026 11:09:54 AM com.sun.ts.tests.el.common.util.Validator testExpression
INFO: *** Start Double + Byte Test Sequence ***
Aug 24, 2026 11:09:54 AM com.sun.ts.tests.el.common.util.Validator testExpression
INFO: expression to be evaluated is a = types.tckDouble; a + b
Aug 24, 2026 11:09:54 AM com.sun.ts.tests.el.common.util.Validator testExpression
INFO: *** End Double + Byte Test Sequence ***
Aug 24, 2026 11:09:54 AM com.sun.ts.tests.el.common.util.Validator testExpression
INFO: *** Start Double * Byte Test Sequence ***
Aug 24, 2026 11:09:54 AM com.sun.ts.tests.el.common.util.Validator testExpression
INFO: expression to be evaluated is a = types.tckDouble; a * b
Aug 24, 2026 11:09:54 AM com.sun.ts.tests.el.common.util.Validator testExpression
INFO: *** End Double * Byte Test Sequence ***
Aug 24, 2026 11:09:54 AM com.sun.ts.tests.el.common.util.Validator testExpression
INFO: *** Start Double - Byte Test Sequence ***
Aug 24, 2026 11:09:54 AM com.sun.ts.tests.el.common.util.Validator testExpression
INFO: expression to be evaluated is a = types.tckDouble; a - b
Aug 24, 2026 11:09:54 AM com.sun.ts.tests.el.common.util.Validator testExpression
INFO: *** End Double - Byte Test Sequence ***
Aug 24, 2026 11:09:54 AM com.sun.ts.tests.el.common.util.Validator testExpression
INFO: *** Start Double / Byte Test Sequence ***
Aug 24, 2026 11:09:54 AM com.sun.ts.tests.el.common.util.Validator testExpression
INFO: expression to be evaluated is a = types.tckDouble; a / b
Aug 24, 2026 11:09:54 AM com.sun.ts.tests.el.common.util.Validator testExpression
INFO: *** End Double / Byte Test Sequence ***
Aug 24, 2026 11:09:54 AM com.sun.ts.tests.el.common.util.Validator testExpression
INFO: *** Start Double div Byte Test Sequence ***
Aug 24, 2026 11:09:54 AM com.sun.ts.tests.el.common.util.Validator testExpression
INFO: expression to be evaluated is a = types.tckDouble; a div b
Aug 24, 2026 11:09:54 AM com.sun.ts.tests.el.common.util.Validator testExpression
INFO: *** End Double div Byte Test Sequence ***
Aug 24, 2026 11:09:54 AM com.sun.ts.tests.el.common.util.Validator testExpression
INFO: *** Start Double % Byte Test Sequence ***
Aug 24, 2026 11:09:54 AM com.sun.ts.tests.el.common.util.Validator testExpression
INFO: expression to be evaluated is a = types.tckDouble; a % b
Aug 24, 2026 11:09:54 AM com.sun.ts.tests.el.common.util.Validator testExpression
INFO: *** End Double % Byte Test Sequence ***
Aug 24, 2026 11:09:54 AM com.sun.ts.tests.el.common.util.Validator testExpression
INFO: *** Start Double mod Byte Test Sequence ***
Aug 24, 2026 11:09:54 AM com.sun.ts.tests.el.common.util.Validator testExpression
INFO: expression to be evaluated is a = types.tckDouble; a mod b
Aug 24, 2026 11:09:54 AM com.sun.ts.tests.el.common.util.Validator testExpression
INFO: *** End Double mod Byte Test Sequence ***
Aug 24, 2026 11:09:54 AM com.sun.ts.tests.el.common.util.Validator testExpression
INFO: *** Start Double + Integer Test Sequence ***
Aug 24, 2026 11:09:54 AM com.sun.ts.tests.el.common.util.Validator testExpression
INFO: expression to be evaluated is a = types.tckDouble; a + b
Aug 24, 2026 11:09:54 AM com.sun.ts.tests.el.common.util.Validator testExpression
INFO: *** End Double + Integer Test Sequence ***
Aug 24, 2026 11:09:54 AM com.sun.ts.tests.el.common.util.Validator testExpression
INFO: *** Start Double * Integer Test Sequence ***
Aug 24, 2026 11:09:54 AM com.sun.ts.tests.el.common.util.Validator testExpression
INFO: expression to be evaluated is a = types.tckDouble; a * b
Aug 24, 2026 11:09:54 AM com.sun.ts.tests.el.common.util.Validator testExpression
INFO: *** End Double * Integer Test Sequence ***
Aug 24, 2026 11:09:54 AM com.sun.ts.tests.el.common.util.Validator testExpression
INFO: *** Start Double - Integer Test Sequence ***
Aug 24, 2026 11:09:54 AM com.sun.ts.tests.el.common.util.Validator testExpression
INFO: expression to be evaluated is a = types.tckDouble; a - b
Aug 24, 2026 11:09:54 AM com.sun.ts.tests.el.common.util.Validator testExpression
INFO: *** End Double - Integer Test Sequence ***
Aug 24, 2026 11:09:54 AM com.sun.ts.tests.el.common.util.Validator testExpression
INFO: *** Start Double / Integer Test Sequence ***
Aug 24, 2026 11:09:54 AM com.sun.ts.tests.el.common.util.Validator testExpression
INFO: expression to be evaluated is a = types.tckDouble; a / b
Aug 24, 2026 11:09:54 AM com.sun.ts.tests.el.common.util.Validator testExpression
INFO: *** End Double / Integer Test Sequence ***
Aug 24, 2026 11:09:54 AM com.sun.ts.tests.el.common.util.Validator testExpression
INFO: *** Start Double div Integer Test Sequence ***
Aug 24, 2026 11:09:54 AM com.sun.ts.tests.el.common.util.Validator testExpression
INFO: expression to be evaluated is a = types.tckDouble; a div b
Aug 24, 2026 11:09:54 AM com.sun.ts.tests.el.common.util.Validator testExpression
INFO: *** End Double div Integer Test Sequence ***
Aug 24, 2026 11:09:54 AM com.sun.ts.tests.el.common.util.Validator testExpression
INFO: *** Start Double % Integer Test Sequence ***
Aug 24, 2026 11:09:54 AM com.sun.ts.tests.el.common.util.Validator testExpression
INFO: expression to be evaluated is a = types.tckDouble; a % b
Aug 24, 2026 11:09:54 AM com.sun.ts.tests.el.common.util.Validator testExpression
INFO: *** End Double % Integer Test Sequence ***
Aug 24, 2026 11:09:54 AM com.sun.ts.tests.el.common.util.Validator testExpression
INFO: *** Start Double mod Integer Test Sequence ***
Aug 24, 2026 11:09:54 AM com.sun.ts.tests.el.common.util.Validator testExpression
INFO: expression to be evaluated is a = types.tckDouble; a mod b
Aug 24, 2026 11:09:54 AM com.sun.ts.tests.el.common.util.Validator testExpression
INFO: *** End Double mod Integer Test Sequence ***
Aug 24, 2026 11:09:54 AM com.sun.ts.tests.el.spec.semicolonoperator.ELClientIT logFinishTest
INFO: FINISHED TEST : elSemiColonOperatorDoubleTest()
Aug 24, 2026 11:09:54 AM com.sun.ts.tests.el.spec.semicolonoperator.ELClientIT cleanup
INFO: Cleanup method called
Aug 24, 2026 11:09:54 AM com.sun.ts.tests.el.spec.semicolonoperator.ELClientIT logStartTest
INFO: STARTING TEST : elSemiColonOperatorBigIntegerTest()
Aug 24, 2026 11:09:54 AM com.sun.ts.tests.el.common.util.Validator testExpression
INFO: *** Start BigInteger + Short Test Sequence ***
Aug 24, 2026 11:09:54 AM com.sun.ts.tests.el.common.util.Validator testExpression
INFO: expression to be evaluated is a = types.tckBigInteger; a + b
Aug 24, 2026 11:09:54 AM com.sun.ts.tests.el.common.util.Validator testExpression
INFO: *** End BigInteger + Short Test Sequence ***
Aug 24, 2026 11:09:54 AM com.sun.ts.tests.el.common.util.Validator testExpression
INFO: *** Start BigInteger * Short Test Sequence ***
Aug 24, 2026 11:09:54 AM com.sun.ts.tests.el.common.util.Validator testExpression
INFO: expression to be evaluated is a = types.tckBigInteger; a * b
Aug 24, 2026 11:09:54 AM com.sun.ts.tests.el.common.util.Validator testExpression
INFO: *** End BigInteger * Short Test Sequence ***
Aug 24, 2026 11:09:54 AM com.sun.ts.tests.el.common.util.Validator testExpression
INFO: *** Start BigInteger - Short Test Sequence ***
Aug 24, 2026 11:09:54 AM com.sun.ts.tests.el.common.util.Validator testExpression
INFO: expression to be evaluated is a = types.tckBigInteger; a - b
Aug 24, 2026 11:09:54 AM com.sun.ts.tests.el.common.util.Validator testExpression
INFO: *** End BigInteger - Short Test Sequence ***
Aug 24, 2026 11:09:54 AM com.sun.ts.tests.el.common.util.Validator testExpression
INFO: *** Start BigInteger / Short Test Sequence ***
Aug 24, 2026 11:09:54 AM com.sun.ts.tests.el.common.util.Validator testExpression
INFO: expression to be evaluated is a = types.tckBigInteger; a / b
Aug 24, 2026 11:09:54 AM com.sun.ts.tests.el.common.util.Validator testExpression
INFO: *** End BigInteger / Short Test Sequence ***
Aug 24, 2026 11:09:54 AM com.sun.ts.tests.el.common.util.Validator testExpression
INFO: *** Start BigInteger div Short Test Sequence ***
Aug 24, 2026 11:09:54 AM com.sun.ts.tests.el.common.util.Validator testExpression
INFO: expression to be evaluated is a = types.tckBigInteger; a div b
Aug 24, 2026 11:09:54 AM com.sun.ts.tests.el.common.util.Validator testExpression
INFO: *** End BigInteger div Short Test Sequence ***
Aug 24, 2026 11:09:54 AM com.sun.ts.tests.el.common.util.Validator testExpression
INFO: *** Start BigInteger % Short Test Sequence ***
Aug 24, 2026 11:09:54 AM com.sun.ts.tests.el.common.util.Validator testExpression
INFO: expression to be evaluated is a = types.tckBigInteger; a % b
Aug 24, 2026 11:09:54 AM com.sun.ts.tests.el.common.util.Validator testExpression
INFO: *** End BigInteger % Short Test Sequence ***
Aug 24, 2026 11:09:54 AM com.sun.ts.tests.el.common.util.Validator testExpression
INFO: *** Start BigInteger mod Short Test Sequence ***
Aug 24, 2026 11:09:54 AM com.sun.ts.tests.el.common.util.Validator testExpression
INFO: expression to be evaluated is a = types.tckBigInteger; a mod b
Aug 24, 2026 11:09:54 AM com.sun.ts.tests.el.common.util.Validator testExpression
INFO: *** End BigInteger mod Short Test Sequence ***
Aug 24, 2026 11:09:54 AM com.sun.ts.tests.el.common.util.Validator testExpression
INFO: *** Start BigInteger + BigInteger Test Sequence ***
Aug 24, 2026 11:09:54 AM com.sun.ts.tests.el.common.util.Validator testExpression
INFO: expression to be evaluated is a = types.tckBigInteger; a + b
Aug 24, 2026 11:09:54 AM com.sun.ts.tests.el.common.util.Validator testExpression
INFO: *** End BigInteger + BigInteger Test Sequence ***
Aug 24, 2026 11:09:54 AM com.sun.ts.tests.el.common.util.Validator testExpression
INFO: *** Start BigInteger * BigInteger Test Sequence ***
Aug 24, 2026 11:09:54 AM com.sun.ts.tests.el.common.util.Validator testExpression
INFO: expression to be evaluated is a = types.tckBigInteger; a * b
Aug 24, 2026 11:09:54 AM com.sun.ts.tests.el.common.util.Validator testExpression
INFO: *** End BigInteger * BigInteger Test Sequence ***
Aug 24, 2026 11:09:54 AM com.sun.ts.tests.el.common.util.Validator testExpression
INFO: *** Start BigInteger - BigInteger Test Sequence ***
Aug 24, 2026 11:09:54 AM com.sun.ts.tests.el.common.util.Validator testExpression
INFO: expression to be evaluated is a = types.tckBigInteger; a - b
Aug 24, 2026 11:09:54 AM com.sun.ts.tests.el.common.util.Validator testExpression
INFO: *** End BigInteger - BigInteger Test Sequence ***
Aug 24, 2026 11:09:54 AM com.sun.ts.tests.el.common.util.Validator testExpression
INFO: *** Start BigInteger / BigInteger Test Sequence ***
Aug 24, 2026 11:09:54 AM com.sun.ts.tests.el.common.util.Validator testExpression
INFO: expression to be evaluated is a = types.tckBigInteger; a / b
Aug 24, 2026 11:09:54 AM com.sun.ts.tests.el.common.util.Validator testExpression
INFO: *** End BigInteger / BigInteger Test Sequence ***
Aug 24, 2026 11:09:54 AM com.sun.ts.tests.el.common.util.Validator testExpression
INFO: *** Start BigInteger div BigInteger Test Sequence ***
Aug 24, 2026 11:09:54 AM com.sun.ts.tests.el.common.util.Validator testExpression
INFO: expression to be evaluated is a = types.tckBigInteger; a div b
Aug 24, 2026 11:09:54 AM com.sun.ts.tests.el.common.util.Validator testExpression
INFO: *** End BigInteger div BigInteger Test Sequence ***
Aug 24, 2026 11:09:54 AM com.sun.ts.tests.el.common.util.Validator testExpression
INFO: *** Start BigInteger % BigInteger Test Sequence ***
Aug 24, 2026 11:09:54 AM com.sun.ts.tests.el.common.util.Validator testExpression
INFO: expression to be evaluated is a = types.tckBigInteger; a % b
Aug 24, 2026 11:09:54 AM com.sun.ts.tests.el.common.util.Validator testExpression
INFO: *** End BigInteger % BigInteger Test Sequence ***
Aug 24, 2026 11:09:54 AM com.sun.ts.tests.el.common.util.Validator testExpression
INFO: *** Start BigInteger mod BigInteger Test Sequence ***
Aug 24, 2026 11:09:54 AM com.sun.ts.tests.el.common.util.Validator testExpression
INFO: expression to be evaluated is a = types.tckBigInteger; a mod b
Aug 24, 2026 11:09:54 AM com.sun.ts.tests.el.common.util.Validator testExpression
INFO: *** End BigInteger mod BigInteger Test Sequence ***
Aug 24, 2026 11:09:54 AM com.sun.ts.tests.el.common.util.Validator testExpression
INFO: *** Start BigInteger + Long Test Sequence ***
Aug 24, 2026 11:09:54 AM com.sun.ts.tests.el.common.util.Validator testExpression
INFO: expression to be evaluated is a = types.tckBigInteger; a + b
Aug 24, 2026 11:09:54 AM com.sun.ts.tests.el.common.util.Validator testExpression
INFO: *** End BigInteger + Long Test Sequence ***
Aug 24, 2026 11:09:54 AM com.sun.ts.tests.el.common.util.Validator testExpression
INFO: *** Start BigInteger * Long Test Sequence ***
Aug 24, 2026 11:09:54 AM com.sun.ts.tests.el.common.util.Validator testExpression
INFO: expression to be evaluated is a = types.tckBigInteger; a * b
Aug 24, 2026 11:09:54 AM com.sun.ts.tests.el.common.util.Validator testExpression
INFO: *** End BigInteger * Long Test Sequence ***
Aug 24, 2026 11:09:54 AM com.sun.ts.tests.el.common.util.Validator testExpression
INFO: *** Start BigInteger - Long Test Sequence ***
Aug 24, 2026 11:09:54 AM com.sun.ts.tests.el.common.util.Validator testExpression
INFO: expression to be evaluated is a = types.tckBigInteger; a - b
Aug 24, 2026 11:09:54 AM com.sun.ts.tests.el.common.util.Validator testExpression
INFO: *** End BigInteger - Long Test Sequence ***
Aug 24, 2026 11:09:54 AM com.sun.ts.tests.el.common.util.Validator testExpression
INFO: *** Start BigInteger / Long Test Sequence ***
Aug 24, 2026 11:09:54 AM com.sun.ts.tests.el.common.util.Validator testExpression
INFO: expression to be evaluated is a = types.tckBigInteger; a / b
Aug 24, 2026 11:09:54 AM com.sun.ts.tests.el.common.util.Validator testExpression
INFO: *** End BigInteger / Long Test Sequence ***
Aug 24, 2026 11:09:54 AM com.sun.ts.tests.el.common.util.Validator testExpression
INFO: *** Start BigInteger div Long Test Sequence ***
Aug 24, 2026 11:09:54 AM com.sun.ts.tests.el.common.util.Validator testExpression
INFO: expression to be evaluated is a = types.tckBigInteger; a div b
Aug 24, 2026 11:09:54 AM com.sun.ts.tests.el.common.util.Validator testExpression
INFO: *** End BigInteger div Long Test Sequence ***
Aug 24, 2026 11:09:54 AM com.sun.ts.tests.el.common.util.Validator testExpression
INFO: *** Start BigInteger % Long Test Sequence ***
Aug 24, 2026 11:09:54 AM com.sun.ts.tests.el.common.util.Validator testExpression
INFO: expression to be evaluated is a = types.tckBigInteger; a % b
Aug 24, 2026 11:09:54 AM com.sun.ts.tests.el.common.util.Validator testExpression
INFO: *** End BigInteger % Long Test Sequence ***
Aug 24, 2026 11:09:54 AM com.sun.ts.tests.el.common.util.Validator testExpression
INFO: *** Start BigInteger mod Long Test Sequence ***
Aug 24, 2026 11:09:54 AM com.sun.ts.tests.el.common.util.Validator testExpression
INFO: expression to be evaluated is a = types.tckBigInteger; a mod b
Aug 24, 2026 11:09:54 AM com.sun.ts.tests.el.common.util.Validator testExpression
INFO: *** End BigInteger mod Long Test Sequence ***
Aug 24, 2026 11:09:54 AM com.sun.ts.tests.el.common.util.Validator testExpression
INFO: *** Start BigInteger + Byte Test Sequence ***
Aug 24, 2026 11:09:54 AM com.sun.ts.tests.el.common.util.Validator testExpression
INFO: expression to be evaluated is a = types.tckBigInteger; a + b
Aug 24, 2026 11:09:54 AM com.sun.ts.tests.el.common.util.Validator testExpression
INFO: *** End BigInteger + Byte Test Sequence ***
Aug 24, 2026 11:09:54 AM com.sun.ts.tests.el.common.util.Validator testExpression
INFO: *** Start BigInteger * Byte Test Sequence ***
Aug 24, 2026 11:09:54 AM com.sun.ts.tests.el.common.util.Validator testExpression
INFO: expression to be evaluated is a = types.tckBigInteger; a * b
Aug 24, 2026 11:09:54 AM com.sun.ts.tests.el.common.util.Validator testExpression
INFO: *** End BigInteger * Byte Test Sequence ***
Aug 24, 2026 11:09:54 AM com.sun.ts.tests.el.common.util.Validator testExpression
INFO: *** Start BigInteger - Byte Test Sequence ***
Aug 24, 2026 11:09:54 AM com.sun.ts.tests.el.common.util.Validator testExpression
INFO: expression to be evaluated is a = types.tckBigInteger; a - b
Aug 24, 2026 11:09:54 AM com.sun.ts.tests.el.common.util.Validator testExpression
INFO: *** End BigInteger - Byte Test Sequence ***
Aug 24, 2026 11:09:54 AM com.sun.ts.tests.el.common.util.Validator testExpression
INFO: *** Start BigInteger / Byte Test Sequence ***
Aug 24, 2026 11:09:54 AM com.sun.ts.tests.el.common.util.Validator testExpression
INFO: expression to be evaluated is a = types.tckBigInteger; a / b
Aug 24, 2026 11:09:54 AM com.sun.ts.tests.el.common.util.Validator testExpression
INFO: *** End BigInteger / Byte Test Sequence ***
Aug 24, 2026 11:09:54 AM com.sun.ts.tests.el.common.util.Validator testExpression
INFO: *** Start BigInteger div Byte Test Sequence ***
Aug 24, 2026 11:09:54 AM com.sun.ts.tests.el.common.util.Validator testExpression
INFO: expression to be evaluated is a = types.tckBigInteger; a div b
Aug 24, 2026 11:09:54 AM com.sun.ts.tests.el.common.util.Validator testExpression
INFO: *** End BigInteger div Byte Test Sequence ***
Aug 24, 2026 11:09:54 AM com.sun.ts.tests.el.common.util.Validator testExpression
INFO: *** Start BigInteger % Byte Test Sequence ***
Aug 24, 2026 11:09:54 AM com.sun.ts.tests.el.common.util.Validator testExpression
INFO: expression to be evaluated is a = types.tckBigInteger; a % b
Aug 24, 2026 11:09:54 AM com.sun.ts.tests.el.common.util.Validator testExpression
INFO: *** End BigInteger % Byte Test Sequence ***
Aug 24, 2026 11:09:54 AM com.sun.ts.tests.el.common.util.Validator testExpression
INFO: *** Start BigInteger mod Byte Test Sequence ***
Aug 24, 2026 11:09:54 AM com.sun.ts.tests.el.common.util.Validator testExpression
INFO: expression to be evaluated is a = types.tckBigInteger; a mod b
Aug 24, 2026 11:09:54 AM com.sun.ts.tests.el.common.util.Validator testExpression
INFO: *** End BigInteger mod Byte Test Sequence ***
Aug 24, 2026 11:09:54 AM com.sun.ts.tests.el.common.util.Validator testExpression
INFO: *** Start BigInteger + Integer Test Sequence ***
Aug 24, 2026 11:09:54 AM com.sun.ts.tests.el.common.util.Validator testExpression
INFO: expression to be evaluated is a = types.tckBigInteger; a + b
Aug 24, 2026 11:09:54 AM com.sun.ts.tests.el.common.util.Validator testExpression
INFO: *** End BigInteger + Integer Test Sequence ***
Aug 24, 2026 11:09:54 AM com.sun.ts.tests.el.common.util.Validator testExpression
INFO: *** Start BigInteger * Integer Test Sequence ***
Aug 24, 2026 11:09:54 AM com.sun.ts.tests.el.common.util.Validator testExpression
INFO: expression to be evaluated is a = types.tckBigInteger; a * b
Aug 24, 2026 11:09:54 AM com.sun.ts.tests.el.common.util.Validator testExpression
INFO: *** End BigInteger * Integer Test Sequence ***
Aug 24, 2026 11:09:54 AM com.sun.ts.tests.el.common.util.Validator testExpression
INFO: *** Start BigInteger - Integer Test Sequence ***
Aug 24, 2026 11:09:54 AM com.sun.ts.tests.el.common.util.Validator testExpression
INFO: expression to be evaluated is a = types.tckBigInteger; a - b
Aug 24, 2026 11:09:54 AM com.sun.ts.tests.el.common.util.Validator testExpression
INFO: *** End BigInteger - Integer Test Sequence ***
Aug 24, 2026 11:09:54 AM com.sun.ts.tests.el.common.util.Validator testExpression
INFO: *** Start BigInteger / Integer Test Sequence ***
Aug 24, 2026 11:09:54 AM com.sun.ts.tests.el.common.util.Validator testExpression
INFO: expression to be evaluated is a = types.tckBigInteger; a / b
Aug 24, 2026 11:09:54 AM com.sun.ts.tests.el.common.util.Validator testExpression
INFO: *** End BigInteger / Integer Test Sequence ***
Aug 24, 2026 11:09:54 AM com.sun.ts.tests.el.common.util.Validator testExpression
INFO: *** Start BigInteger div Integer Test Sequence ***
Aug 24, 2026 11:09:54 AM com.sun.ts.tests.el.common.util.Validator testExpression
INFO: expression to be evaluated is a = types.tckBigInteger; a div b
Aug 24, 2026 11:09:54 AM com.sun.ts.tests.el.common.util.Validator testExpression
INFO: *** End BigInteger div Integer Test Sequence ***
Aug 24, 2026 11:09:54 AM com.sun.ts.tests.el.common.util.Validator testExpression
INFO: *** Start BigInteger % Integer Test Sequence ***
Aug 24, 2026 11:09:54 AM com.sun.ts.tests.el.common.util.Validator testExpression
INFO: expression to be evaluated is a = types.tckBigInteger; a % b
Aug 24, 2026 11:09:54 AM com.sun.ts.tests.el.common.util.Validator testExpression
INFO: *** End BigInteger % Integer Test Sequence ***
Aug 24, 2026 11:09:54 AM com.sun.ts.tests.el.common.util.Validator testExpression
INFO: *** Start BigInteger mod Integer Test Sequence ***
Aug 24, 2026 11:09:54 AM com.sun.ts.tests.el.common.util.Validator testExpression
INFO: expression to be evaluated is a = types.tckBigInteger; a mod b
Aug 24, 2026 11:09:54 AM com.sun.ts.tests.el.common.util.Validator testExpression
INFO: *** End BigInteger mod Integer Test Sequence ***
Aug 24, 2026 11:09:54 AM com.sun.ts.tests.el.spec.semicolonoperator.ELClientIT logFinishTest
INFO: FINISHED TEST : elSemiColonOperatorBigIntegerTest()
Aug 24, 2026 11:09:54 AM com.sun.ts.tests.el.spec.semicolonoperator.ELClientIT cleanup
INFO: Cleanup method called
Aug 24, 2026 11:09:54 AM com.sun.ts.tests.el.spec.semicolonoperator.ELClientIT logStartTest
INFO: STARTING TEST : elSemiColonOperatorIntegerTest()
Aug 24, 2026 11:09:54 AM com.sun.ts.tests.el.common.util.Validator testExpression
INFO: *** Start Integer + Short Test Sequence ***
Aug 24, 2026 11:09:54 AM com.sun.ts.tests.el.common.util.Validator testExpression
INFO: expression to be evaluated is a = types.tckInteger; a + b
Aug 24, 2026 11:09:54 AM com.sun.ts.tests.el.common.util.Validator testExpression
INFO: *** End Integer + Short Test Sequence ***
Aug 24, 2026 11:09:54 AM com.sun.ts.tests.el.common.util.Validator testExpression
INFO: *** Start Integer * Short Test Sequence ***
Aug 24, 2026 11:09:54 AM com.sun.ts.tests.el.common.util.Validator testExpression
INFO: expression to be evaluated is a = types.tckInteger; a * b
Aug 24, 2026 11:09:54 AM com.sun.ts.tests.el.common.util.Validator testExpression
INFO: *** End Integer * Short Test Sequence ***
Aug 24, 2026 11:09:54 AM com.sun.ts.tests.el.common.util.Validator testExpression
INFO: *** Start Integer - Short Test Sequence ***
Aug 24, 2026 11:09:54 AM com.sun.ts.tests.el.common.util.Validator testExpression
INFO: expression to be evaluated is a = types.tckInteger; a - b
Aug 24, 2026 11:09:54 AM com.sun.ts.tests.el.common.util.Validator testExpression
INFO: *** End Integer - Short Test Sequence ***
Aug 24, 2026 11:09:54 AM com.sun.ts.tests.el.common.util.Validator testExpression
INFO: *** Start Integer / Short Test Sequence ***
Aug 24, 2026 11:09:54 AM com.sun.ts.tests.el.common.util.Validator testExpression
INFO: expression to be evaluated is a = types.tckInteger; a / b
Aug 24, 2026 11:09:54 AM com.sun.ts.tests.el.common.util.Validator testExpression
INFO: *** End Integer / Short Test Sequence ***
Aug 24, 2026 11:09:54 AM com.sun.ts.tests.el.common.util.Validator testExpression
INFO: *** Start Integer div Short Test Sequence ***
Aug 24, 2026 11:09:54 AM com.sun.ts.tests.el.common.util.Validator testExpression
INFO: expression to be evaluated is a = types.tckInteger; a div b
Aug 24, 2026 11:09:54 AM com.sun.ts.tests.el.common.util.Validator testExpression
INFO: *** End Integer div Short Test Sequence ***
Aug 24, 2026 11:09:54 AM com.sun.ts.tests.el.common.util.Validator testExpression
INFO: *** Start Integer % Short Test Sequence ***
Aug 24, 2026 11:09:54 AM com.sun.ts.tests.el.common.util.Validator testExpression
INFO: expression to be evaluated is a = types.tckInteger; a % b
Aug 24, 2026 11:09:54 AM com.sun.ts.tests.el.common.util.Validator testExpression
INFO: *** End Integer % Short Test Sequence ***
Aug 24, 2026 11:09:54 AM com.sun.ts.tests.el.common.util.Validator testExpression
INFO: *** Start Integer mod Short Test Sequence ***
Aug 24, 2026 11:09:54 AM com.sun.ts.tests.el.common.util.Validator testExpression
INFO: expression to be evaluated is a = types.tckInteger; a mod b
Aug 24, 2026 11:09:54 AM com.sun.ts.tests.el.common.util.Validator testExpression
INFO: *** End Integer mod Short Test Sequence ***
Aug 24, 2026 11:09:54 AM com.sun.ts.tests.el.common.util.Validator testExpression
INFO: *** Start Integer + Long Test Sequence ***
Aug 24, 2026 11:09:54 AM com.sun.ts.tests.el.common.util.Validator testExpression
INFO: expression to be evaluated is a = types.tckInteger; a + b
Aug 24, 2026 11:09:54 AM com.sun.ts.tests.el.common.util.Validator testExpression
INFO: *** End Integer + Long Test Sequence ***
Aug 24, 2026 11:09:54 AM com.sun.ts.tests.el.common.util.Validator testExpression
INFO: *** Start Integer * Long Test Sequence ***
Aug 24, 2026 11:09:54 AM com.sun.ts.tests.el.common.util.Validator testExpression
INFO: expression to be evaluated is a = types.tckInteger; a * b
Aug 24, 2026 11:09:54 AM com.sun.ts.tests.el.common.util.Validator testExpression
INFO: *** End Integer * Long Test Sequence ***
Aug 24, 2026 11:09:54 AM com.sun.ts.tests.el.common.util.Validator testExpression
INFO: *** Start Integer - Long Test Sequence ***
Aug 24, 2026 11:09:54 AM com.sun.ts.tests.el.common.util.Validator testExpression
INFO: expression to be evaluated is a = types.tckInteger; a - b
Aug 24, 2026 11:09:54 AM com.sun.ts.tests.el.common.util.Validator testExpression
INFO: *** End Integer - Long Test Sequence ***
Aug 24, 2026 11:09:54 AM com.sun.ts.tests.el.common.util.Validator testExpression
INFO: *** Start Integer / Long Test Sequence ***
Aug 24, 2026 11:09:54 AM com.sun.ts.tests.el.common.util.Validator testExpression
INFO: expression to be evaluated is a = types.tckInteger; a / b
Aug 24, 2026 11:09:54 AM com.sun.ts.tests.el.common.util.Validator testExpression
INFO: *** End Integer / Long Test Sequence ***
Aug 24, 2026 11:09:54 AM com.sun.ts.tests.el.common.util.Validator testExpression
INFO: *** Start Integer div Long Test Sequence ***
Aug 24, 2026 11:09:54 AM com.sun.ts.tests.el.common.util.Validator testExpression
INFO: expression to be evaluated is a = types.tckInteger; a div b
Aug 24, 2026 11:09:54 AM com.sun.ts.tests.el.common.util.Validator testExpression
INFO: *** End Integer div Long Test Sequence ***
Aug 24, 2026 11:09:54 AM com.sun.ts.tests.el.common.util.Validator testExpression
INFO: *** Start Integer % Long Test Sequence ***
Aug 24, 2026 11:09:54 AM com.sun.ts.tests.el.common.util.Validator testExpression
INFO: expression to be evaluated is a = types.tckInteger; a % b
Aug 24, 2026 11:09:54 AM com.sun.ts.tests.el.common.util.Validator testExpression
INFO: *** End Integer % Long Test Sequence ***
Aug 24, 2026 11:09:54 AM com.sun.ts.tests.el.common.util.Validator testExpression
INFO: *** Start Integer mod Long Test Sequence ***
Aug 24, 2026 11:09:54 AM com.sun.ts.tests.el.common.util.Validator testExpression
INFO: expression to be evaluated is a = types.tckInteger; a mod b
Aug 24, 2026 11:09:54 AM com.sun.ts.tests.el.common.util.Validator testExpression
INFO: *** End Integer mod Long Test Sequence ***
Aug 24, 2026 11:09:54 AM com.sun.ts.tests.el.common.util.Validator testExpression
INFO: *** Start Integer + Byte Test Sequence ***
Aug 24, 2026 11:09:54 AM com.sun.ts.tests.el.common.util.Validator testExpression
INFO: expression to be evaluated is a = types.tckInteger; a + b
Aug 24, 2026 11:09:54 AM com.sun.ts.tests.el.common.util.Validator testExpression
INFO: *** End Integer + Byte Test Sequence ***
Aug 24, 2026 11:09:54 AM com.sun.ts.tests.el.common.util.Validator testExpression
INFO: *** Start Integer * Byte Test Sequence ***
Aug 24, 2026 11:09:54 AM com.sun.ts.tests.el.common.util.Validator testExpression
INFO: expression to be evaluated is a = types.tckInteger; a * b
Aug 24, 2026 11:09:54 AM com.sun.ts.tests.el.common.util.Validator testExpression
INFO: *** End Integer * Byte Test Sequence ***
Aug 24, 2026 11:09:54 AM com.sun.ts.tests.el.common.util.Validator testExpression
INFO: *** Start Integer - Byte Test Sequence ***
Aug 24, 2026 11:09:54 AM com.sun.ts.tests.el.common.util.Validator testExpression
INFO: expression to be evaluated is a = types.tckInteger; a - b
Aug 24, 2026 11:09:54 AM com.sun.ts.tests.el.common.util.Validator testExpression
INFO: *** End Integer - Byte Test Sequence ***
Aug 24, 2026 11:09:54 AM com.sun.ts.tests.el.common.util.Validator testExpression
INFO: *** Start Integer / Byte Test Sequence ***
Aug 24, 2026 11:09:54 AM com.sun.ts.tests.el.common.util.Validator testExpression
INFO: expression to be evaluated is a = types.tckInteger; a / b
Aug 24, 2026 11:09:54 AM com.sun.ts.tests.el.common.util.Validator testExpression
INFO: *** End Integer / Byte Test Sequence ***
Aug 24, 2026 11:09:54 AM com.sun.ts.tests.el.common.util.Validator testExpression
INFO: *** Start Integer div Byte Test Sequence ***
Aug 24, 2026 11:09:54 AM com.sun.ts.tests.el.common.util.Validator testExpression
INFO: expression to be evaluated is a = types.tckInteger; a div b
Aug 24, 2026 11:09:54 AM com.sun.ts.tests.el.common.util.Validator testExpression
INFO: *** End Integer div Byte Test Sequence ***
Aug 24, 2026 11:09:54 AM com.sun.ts.tests.el.common.util.Validator testExpression
INFO: *** Start Integer % Byte Test Sequence ***
Aug 24, 2026 11:09:54 AM com.sun.ts.tests.el.common.util.Validator testExpression
INFO: expression to be evaluated is a = types.tckInteger; a % b
Aug 24, 2026 11:09:54 AM com.sun.ts.tests.el.common.util.Validator testExpression
INFO: *** End Integer % Byte Test Sequence ***
Aug 24, 2026 11:09:54 AM com.sun.ts.tests.el.common.util.Validator testExpression
INFO: *** Start Integer mod Byte Test Sequence ***
Aug 24, 2026 11:09:54 AM com.sun.ts.tests.el.common.util.Validator testExpression
INFO: expression to be evaluated is a = types.tckInteger; a mod b
Aug 24, 2026 11:09:54 AM com.sun.ts.tests.el.common.util.Validator testExpression
INFO: *** End Integer mod Byte Test Sequence ***
Aug 24, 2026 11:09:54 AM com.sun.ts.tests.el.common.util.Validator testExpression
INFO: *** Start Integer + Integer Test Sequence ***
Aug 24, 2026 11:09:54 AM com.sun.ts.tests.el.common.util.Validator testExpression
INFO: expression to be evaluated is a = types.tckInteger; a + b
Aug 24, 2026 11:09:54 AM com.sun.ts.tests.el.common.util.Validator testExpression
INFO: *** End Integer + Integer Test Sequence ***
Aug 24, 2026 11:09:54 AM com.sun.ts.tests.el.common.util.Validator testExpression
INFO: *** Start Integer * Integer Test Sequence ***
Aug 24, 2026 11:09:54 AM com.sun.ts.tests.el.common.util.Validator testExpression
INFO: expression to be evaluated is a = types.tckInteger; a * b
Aug 24, 2026 11:09:54 AM com.sun.ts.tests.el.common.util.Validator testExpression
INFO: *** End Integer * Integer Test Sequence ***
Aug 24, 2026 11:09:54 AM com.sun.ts.tests.el.common.util.Validator testExpression
INFO: *** Start Integer - Integer Test Sequence ***
Aug 24, 2026 11:09:54 AM com.sun.ts.tests.el.common.util.Validator testExpression
INFO: expression to be evaluated is a = types.tckInteger; a - b
Aug 24, 2026 11:09:54 AM com.sun.ts.tests.el.common.util.Validator testExpression
INFO: *** End Integer - Integer Test Sequence ***
Aug 24, 2026 11:09:54 AM com.sun.ts.tests.el.common.util.Validator testExpression
INFO: *** Start Integer / Integer Test Sequence ***
Aug 24, 2026 11:09:54 AM com.sun.ts.tests.el.common.util.Validator testExpression
INFO: expression to be evaluated is a = types.tckInteger; a / b
Aug 24, 2026 11:09:54 AM com.sun.ts.tests.el.common.util.Validator testExpression
INFO: *** End Integer / Integer Test Sequence ***
Aug 24, 2026 11:09:54 AM com.sun.ts.tests.el.common.util.Validator testExpression
INFO: *** Start Integer div Integer Test Sequence ***
Aug 24, 2026 11:09:54 AM com.sun.ts.tests.el.common.util.Validator testExpression
INFO: expression to be evaluated is a = types.tckInteger; a div b
Aug 24, 2026 11:09:54 AM com.sun.ts.tests.el.common.util.Validator testExpression
INFO: *** End Integer div Integer Test Sequence ***
Aug 24, 2026 11:09:54 AM com.sun.ts.tests.el.common.util.Validator testExpression
INFO: *** Start Integer % Integer Test Sequence ***
Aug 24, 2026 11:09:54 AM com.sun.ts.tests.el.common.util.Validator testExpression
INFO: expression to be evaluated is a = types.tckInteger; a % b
Aug 24, 2026 11:09:54 AM com.sun.ts.tests.el.common.util.Validator testExpression
INFO: *** End Integer % Integer Test Sequence ***
Aug 24, 2026 11:09:54 AM com.sun.ts.tests.el.common.util.Validator testExpression
INFO: *** Start Integer mod Integer Test Sequence ***
Aug 24, 2026 11:09:54 AM com.sun.ts.tests.el.common.util.Validator testExpression
INFO: expression to be evaluated is a = types.tckInteger; a mod b
Aug 24, 2026 11:09:54 AM com.sun.ts.tests.el.common.util.Validator testExpression
INFO: *** End Integer mod Integer Test Sequence ***
Aug 24, 2026 11:09:54 AM com.sun.ts.tests.el.spec.semicolonoperator.ELClientIT logFinishTest
INFO: FINISHED TEST : elSemiColonOperatorIntegerTest()
Aug 24, 2026 11:09:54 AM com.sun.ts.tests.el.spec.semicolonoperator.ELClientIT cleanup
INFO: Cleanup method called
Aug 24, 2026 11:09:54 AM com.sun.ts.tests.el.spec.semicolonoperator.ELClientIT logStartTest
INFO: STARTING TEST : elSemiColonOperatorLongTest()
Aug 24, 2026 11:09:54 AM com.sun.ts.tests.el.common.util.Validator testExpression
INFO: *** Start Long + Short Test Sequence ***
Aug 24, 2026 11:09:54 AM com.sun.ts.tests.el.common.util.Validator testExpression
INFO: expression to be evaluated is a = types.tckLong; a + b
Aug 24, 2026 11:09:54 AM com.sun.ts.tests.el.common.util.Validator testExpression
INFO: *** End Long + Short Test Sequence ***
Aug 24, 2026 11:09:54 AM com.sun.ts.tests.el.common.util.Validator testExpression
INFO: *** Start Long * Short Test Sequence ***
Aug 24, 2026 11:09:54 AM com.sun.ts.tests.el.common.util.Validator testExpression
INFO: expression to be evaluated is a = types.tckLong; a * b
Aug 24, 2026 11:09:54 AM com.sun.ts.tests.el.common.util.Validator testExpression
INFO: *** End Long * Short Test Sequence ***
Aug 24, 2026 11:09:54 AM com.sun.ts.tests.el.common.util.Validator testExpression
INFO: *** Start Long - Short Test Sequence ***
Aug 24, 2026 11:09:54 AM com.sun.ts.tests.el.common.util.Validator testExpression
INFO: expression to be evaluated is a = types.tckLong; a - b
Aug 24, 2026 11:09:54 AM com.sun.ts.tests.el.common.util.Validator testExpression
INFO: *** End Long - Short Test Sequence ***
Aug 24, 2026 11:09:54 AM com.sun.ts.tests.el.common.util.Validator testExpression
INFO: *** Start Long / Short Test Sequence ***
Aug 24, 2026 11:09:54 AM com.sun.ts.tests.el.common.util.Validator testExpression
INFO: expression to be evaluated is a = types.tckLong; a / b
Aug 24, 2026 11:09:54 AM com.sun.ts.tests.el.common.util.Validator testExpression
INFO: *** End Long / Short Test Sequence ***
Aug 24, 2026 11:09:54 AM com.sun.ts.tests.el.common.util.Validator testExpression
INFO: *** Start Long div Short Test Sequence ***
Aug 24, 2026 11:09:54 AM com.sun.ts.tests.el.common.util.Validator testExpression
INFO: expression to be evaluated is a = types.tckLong; a div b
Aug 24, 2026 11:09:54 AM com.sun.ts.tests.el.common.util.Validator testExpression
INFO: *** End Long div Short Test Sequence ***
Aug 24, 2026 11:09:54 AM com.sun.ts.tests.el.common.util.Validator testExpression
INFO: *** Start Long % Short Test Sequence ***
Aug 24, 2026 11:09:54 AM com.sun.ts.tests.el.common.util.Validator testExpression
INFO: expression to be evaluated is a = types.tckLong; a % b
Aug 24, 2026 11:09:54 AM com.sun.ts.tests.el.common.util.Validator testExpression
INFO: *** End Long % Short Test Sequence ***
Aug 24, 2026 11:09:54 AM com.sun.ts.tests.el.common.util.Validator testExpression
INFO: *** Start Long mod Short Test Sequence ***
Aug 24, 2026 11:09:54 AM com.sun.ts.tests.el.common.util.Validator testExpression
INFO: expression to be evaluated is a = types.tckLong; a mod b
Aug 24, 2026 11:09:54 AM com.sun.ts.tests.el.common.util.Validator testExpression
INFO: *** End Long mod Short Test Sequence ***
Aug 24, 2026 11:09:54 AM com.sun.ts.tests.el.common.util.Validator testExpression
INFO: *** Start Long + Long Test Sequence ***
Aug 24, 2026 11:09:54 AM com.sun.ts.tests.el.common.util.Validator testExpression
INFO: expression to be evaluated is a = types.tckLong; a + b
Aug 24, 2026 11:09:54 AM com.sun.ts.tests.el.common.util.Validator testExpression
INFO: *** End Long + Long Test Sequence ***
Aug 24, 2026 11:09:54 AM com.sun.ts.tests.el.common.util.Validator testExpression
INFO: *** Start Long * Long Test Sequence ***
Aug 24, 2026 11:09:54 AM com.sun.ts.tests.el.common.util.Validator testExpression
INFO: expression to be evaluated is a = types.tckLong; a * b
Aug 24, 2026 11:09:54 AM com.sun.ts.tests.el.common.util.Validator testExpression
INFO: *** End Long * Long Test Sequence ***
Aug 24, 2026 11:09:54 AM com.sun.ts.tests.el.common.util.Validator testExpression
INFO: *** Start Long - Long Test Sequence ***
Aug 24, 2026 11:09:54 AM com.sun.ts.tests.el.common.util.Validator testExpression
INFO: expression to be evaluated is a = types.tckLong; a - b
Aug 24, 2026 11:09:54 AM com.sun.ts.tests.el.common.util.Validator testExpression
INFO: *** End Long - Long Test Sequence ***
Aug 24, 2026 11:09:54 AM com.sun.ts.tests.el.common.util.Validator testExpression
INFO: *** Start Long / Long Test Sequence ***
Aug 24, 2026 11:09:54 AM com.sun.ts.tests.el.common.util.Validator testExpression
INFO: expression to be evaluated is a = types.tckLong; a / b
Aug 24, 2026 11:09:54 AM com.sun.ts.tests.el.common.util.Validator testExpression
INFO: *** End Long / Long Test Sequence ***
Aug 24, 2026 11:09:54 AM com.sun.ts.tests.el.common.util.Validator testExpression
INFO: *** Start Long div Long Test Sequence ***
Aug 24, 2026 11:09:54 AM com.sun.ts.tests.el.common.util.Validator testExpression
INFO: expression to be evaluated is a = types.tckLong; a div b
Aug 24, 2026 11:09:54 AM com.sun.ts.tests.el.common.util.Validator testExpression
INFO: *** End Long div Long Test Sequence ***
Aug 24, 2026 11:09:54 AM com.sun.ts.tests.el.common.util.Validator testExpression
INFO: *** Start Long % Long Test Sequence ***
Aug 24, 2026 11:09:54 AM com.sun.ts.tests.el.common.util.Validator testExpression
INFO: expression to be evaluated is a = types.tckLong; a % b
Aug 24, 2026 11:09:54 AM com.sun.ts.tests.el.common.util.Validator testExpression
INFO: *** End Long % Long Test Sequence ***
Aug 24, 2026 11:09:54 AM com.sun.ts.tests.el.common.util.Validator testExpression
INFO: *** Start Long mod Long Test Sequence ***
Aug 24, 2026 11:09:54 AM com.sun.ts.tests.el.common.util.Validator testExpression
INFO: expression to be evaluated is a = types.tckLong; a mod b
Aug 24, 2026 11:09:54 AM com.sun.ts.tests.el.common.util.Validator testExpression
INFO: *** End Long mod Long Test Sequence ***
Aug 24, 2026 11:09:54 AM com.sun.ts.tests.el.common.util.Validator testExpression
INFO: *** Start Long + Byte Test Sequence ***
Aug 24, 2026 11:09:54 AM com.sun.ts.tests.el.common.util.Validator testExpression
INFO: expression to be evaluated is a = types.tckLong; a + b
Aug 24, 2026 11:09:54 AM com.sun.ts.tests.el.common.util.Validator testExpression
INFO: *** End Long + Byte Test Sequence ***
Aug 24, 2026 11:09:54 AM com.sun.ts.tests.el.common.util.Validator testExpression
INFO: *** Start Long * Byte Test Sequence ***
Aug 24, 2026 11:09:54 AM com.sun.ts.tests.el.common.util.Validator testExpression
INFO: expression to be evaluated is a = types.tckLong; a * b
Aug 24, 2026 11:09:54 AM com.sun.ts.tests.el.common.util.Validator testExpression
INFO: *** End Long * Byte Test Sequence ***
Aug 24, 2026 11:09:54 AM com.sun.ts.tests.el.common.util.Validator testExpression
INFO: *** Start Long - Byte Test Sequence ***
Aug 24, 2026 11:09:54 AM com.sun.ts.tests.el.common.util.Validator testExpression
INFO: expression to be evaluated is a = types.tckLong; a - b
Aug 24, 2026 11:09:54 AM com.sun.ts.tests.el.common.util.Validator testExpression
INFO: *** End Long - Byte Test Sequence ***
Aug 24, 2026 11:09:54 AM com.sun.ts.tests.el.common.util.Validator testExpression
INFO: *** Start Long / Byte Test Sequence ***
Aug 24, 2026 11:09:54 AM com.sun.ts.tests.el.common.util.Validator testExpression
INFO: expression to be evaluated is a = types.tckLong; a / b
Aug 24, 2026 11:09:54 AM com.sun.ts.tests.el.common.util.Validator testExpression
INFO: *** End Long / Byte Test Sequence ***
Aug 24, 2026 11:09:54 AM com.sun.ts.tests.el.common.util.Validator testExpression
INFO: *** Start Long div Byte Test Sequence ***
Aug 24, 2026 11:09:54 AM com.sun.ts.tests.el.common.util.Validator testExpression
INFO: expression to be evaluated is a = types.tckLong; a div b
Aug 24, 2026 11:09:54 AM com.sun.ts.tests.el.common.util.Validator testExpression
INFO: *** End Long div Byte Test Sequence ***
Aug 24, 2026 11:09:54 AM com.sun.ts.tests.el.common.util.Validator testExpression
INFO: *** Start Long % Byte Test Sequence ***
Aug 24, 2026 11:09:54 AM com.sun.ts.tests.el.common.util.Validator testExpression
INFO: expression to be evaluated is a = types.tckLong; a % b
Aug 24, 2026 11:09:54 AM com.sun.ts.tests.el.common.util.Validator testExpression
INFO: *** End Long % Byte Test Sequence ***
Aug 24, 2026 11:09:54 AM com.sun.ts.tests.el.common.util.Validator testExpression
INFO: *** Start Long mod Byte Test Sequence ***
Aug 24, 2026 11:09:54 AM com.sun.ts.tests.el.common.util.Validator testExpression
INFO: expression to be evaluated is a = types.tckLong; a mod b
Aug 24, 2026 11:09:54 AM com.sun.ts.tests.el.common.util.Validator testExpression
INFO: *** End Long mod Byte Test Sequence ***
Aug 24, 2026 11:09:54 AM com.sun.ts.tests.el.spec.semicolonoperator.ELClientIT logFinishTest
INFO: FINISHED TEST : elSemiColonOperatorLongTest()
Aug 24, 2026 11:09:54 AM com.sun.ts.tests.el.spec.semicolonoperator.ELClientIT cleanup
INFO: Cleanup method called
Aug 24, 2026 11:09:54 AM com.sun.ts.tests.el.spec.semicolonoperator.ELClientIT logStartTest
INFO: STARTING TEST : elSemiColonOperatorNullTest()
Aug 24, 2026 11:09:54 AM com.sun.ts.tests.el.common.util.Validator testExpression
INFO: *** Start null + null Test Sequence ***
Aug 24, 2026 11:09:54 AM com.sun.ts.tests.el.common.util.Validator testExpression
INFO: expression to be evaluated is a = null; a + b
Aug 24, 2026 11:09:54 AM com.sun.ts.tests.el.common.util.Validator testExpression
INFO: *** End null + null Test Sequence ***
Aug 24, 2026 11:09:54 AM com.sun.ts.tests.el.common.util.Validator testExpression
INFO: *** Start null - null Test Sequence ***
Aug 24, 2026 11:09:54 AM com.sun.ts.tests.el.common.util.Validator testExpression
INFO: expression to be evaluated is a = null; a - b
Aug 24, 2026 11:09:54 AM com.sun.ts.tests.el.common.util.Validator testExpression
INFO: *** End null - null Test Sequence ***
Aug 24, 2026 11:09:54 AM com.sun.ts.tests.el.common.util.Validator testExpression
INFO: *** Start null * null Test Sequence ***
Aug 24, 2026 11:09:54 AM com.sun.ts.tests.el.common.util.Validator testExpression
INFO: expression to be evaluated is a = null; a * b
Aug 24, 2026 11:09:54 AM com.sun.ts.tests.el.common.util.Validator testExpression
INFO: *** End null * null Test Sequence ***
Aug 24, 2026 11:09:54 AM com.sun.ts.tests.el.common.util.Validator testExpression
INFO: *** Start null / null Test Sequence ***
Aug 24, 2026 11:09:54 AM com.sun.ts.tests.el.common.util.Validator testExpression
INFO: expression to be evaluated is a = null; a / b
Aug 24, 2026 11:09:54 AM com.sun.ts.tests.el.common.util.Validator testExpression
INFO: *** End null / null Test Sequence ***
Aug 24, 2026 11:09:54 AM com.sun.ts.tests.el.common.util.Validator testExpression
INFO: *** Start null div null Test Sequence ***
Aug 24, 2026 11:09:54 AM com.sun.ts.tests.el.common.util.Validator testExpression
INFO: expression to be evaluated is a = null; a div b
Aug 24, 2026 11:09:54 AM com.sun.ts.tests.el.common.util.Validator testExpression
INFO: *** End null div null Test Sequence ***
Aug 24, 2026 11:09:54 AM com.sun.ts.tests.el.common.util.Validator testExpression
INFO: *** Start null % null Test Sequence ***
Aug 24, 2026 11:09:54 AM com.sun.ts.tests.el.common.util.Validator testExpression
INFO: expression to be evaluated is a = null; a % b
Aug 24, 2026 11:09:54 AM com.sun.ts.tests.el.common.util.Validator testExpression
INFO: *** End null % null Test Sequence ***
Aug 24, 2026 11:09:54 AM com.sun.ts.tests.el.common.util.Validator testExpression
INFO: *** Start null mod null Test Sequence ***
Aug 24, 2026 11:09:54 AM com.sun.ts.tests.el.common.util.Validator testExpression
INFO: expression to be evaluated is a = null; a mod b
Aug 24, 2026 11:09:54 AM com.sun.ts.tests.el.common.util.Validator testExpression
INFO: *** End null mod null Test Sequence ***
Aug 24, 2026 11:09:54 AM com.sun.ts.tests.el.spec.semicolonoperator.ELClientIT logFinishTest
INFO: FINISHED TEST : elSemiColonOperatorNullTest()
Aug 24, 2026 11:09:54 AM com.sun.ts.tests.el.spec.semicolonoperator.ELClientIT cleanup
INFO: Cleanup method called
Aug 24, 2026 11:09:54 AM com.sun.ts.tests.el.spec.semicolonoperator.ELClientIT logStartTest
INFO: STARTING TEST : elSemiColonOperatorByteTest()
Aug 24, 2026 11:09:54 AM com.sun.ts.tests.el.common.util.Validator testExpression
INFO: *** Start Byte + Byte Test Sequence ***
Aug 24, 2026 11:09:54 AM com.sun.ts.tests.el.common.util.Validator testExpression
INFO: expression to be evaluated is a = types.tckByte; a + b
Aug 24, 2026 11:09:54 AM com.sun.ts.tests.el.common.util.Validator testExpression
INFO: *** End Byte + Byte Test Sequence ***
Aug 24, 2026 11:09:54 AM com.sun.ts.tests.el.common.util.Validator testExpression
INFO: *** Start Byte * Byte Test Sequence ***
Aug 24, 2026 11:09:54 AM com.sun.ts.tests.el.common.util.Validator testExpression
INFO: expression to be evaluated is a = types.tckByte; a * b
Aug 24, 2026 11:09:54 AM com.sun.ts.tests.el.common.util.Validator testExpression
INFO: *** End Byte * Byte Test Sequence ***
Aug 24, 2026 11:09:54 AM com.sun.ts.tests.el.common.util.Validator testExpression
INFO: *** Start Byte - Byte Test Sequence ***
Aug 24, 2026 11:09:54 AM com.sun.ts.tests.el.common.util.Validator testExpression
INFO: expression to be evaluated is a = types.tckByte; a - b
Aug 24, 2026 11:09:54 AM com.sun.ts.tests.el.common.util.Validator testExpression
INFO: *** End Byte - Byte Test Sequence ***
Aug 24, 2026 11:09:54 AM com.sun.ts.tests.el.common.util.Validator testExpression
INFO: *** Start Byte / Byte Test Sequence ***
Aug 24, 2026 11:09:54 AM com.sun.ts.tests.el.common.util.Validator testExpression
INFO: expression to be evaluated is a = types.tckByte; a / b
Aug 24, 2026 11:09:54 AM com.sun.ts.tests.el.common.util.Validator testExpression
INFO: *** End Byte / Byte Test Sequence ***
Aug 24, 2026 11:09:54 AM com.sun.ts.tests.el.common.util.Validator testExpression
INFO: *** Start Byte div Byte Test Sequence ***
Aug 24, 2026 11:09:54 AM com.sun.ts.tests.el.common.util.Validator testExpression
INFO: expression to be evaluated is a = types.tckByte; a div b
Aug 24, 2026 11:09:54 AM com.sun.ts.tests.el.common.util.Validator testExpression
INFO: *** End Byte div Byte Test Sequence ***
Aug 24, 2026 11:09:54 AM com.sun.ts.tests.el.common.util.Validator testExpression
INFO: *** Start Byte % Byte Test Sequence ***
Aug 24, 2026 11:09:54 AM com.sun.ts.tests.el.common.util.Validator testExpression
INFO: expression to be evaluated is a = types.tckByte; a % b
Aug 24, 2026 11:09:54 AM com.sun.ts.tests.el.common.util.Validator testExpression
INFO: *** End Byte % Byte Test Sequence ***
Aug 24, 2026 11:09:54 AM com.sun.ts.tests.el.common.util.Validator testExpression
INFO: *** Start Byte mod Byte Test Sequence ***
Aug 24, 2026 11:09:54 AM com.sun.ts.tests.el.common.util.Validator testExpression
INFO: expression to be evaluated is a = types.tckByte; a mod b
Aug 24, 2026 11:09:54 AM com.sun.ts.tests.el.common.util.Validator testExpression
INFO: *** End Byte mod Byte Test Sequence ***
Aug 24, 2026 11:09:54 AM com.sun.ts.tests.el.spec.semicolonoperator.ELClientIT logFinishTest
INFO: FINISHED TEST : elSemiColonOperatorByteTest()
Aug 24, 2026 11:09:54 AM com.sun.ts.tests.el.spec.semicolonoperator.ELClientIT cleanup
INFO: Cleanup method called
Aug 24, 2026 11:09:54 AM com.sun.ts.tests.el.spec.semicolonoperator.ELClientIT logStartTest
INFO: STARTING TEST : elSemiColonOperatorBigDecimalTest()
Aug 24, 2026 11:09:54 AM com.sun.ts.tests.el.common.util.Validator testExpression
INFO: *** Start BigDecimal + BigDecimal Test Sequence ***
Aug 24, 2026 11:09:54 AM com.sun.ts.tests.el.common.util.Validator testExpression
INFO: expression to be evaluated is a = types.tckBigDecimal; a + b
Aug 24, 2026 11:09:54 AM com.sun.ts.tests.el.common.util.Validator testExpression
INFO: *** End BigDecimal + BigDecimal Test Sequence ***
Aug 24, 2026 11:09:54 AM com.sun.ts.tests.el.common.util.Validator testExpression
INFO: *** Start BigDecimal * BigDecimal Test Sequence ***
Aug 24, 2026 11:09:54 AM com.sun.ts.tests.el.common.util.Validator testExpression
INFO: expression to be evaluated is a = types.tckBigDecimal; a * b
Aug 24, 2026 11:09:54 AM com.sun.ts.tests.el.common.util.Validator testExpression
INFO: *** End BigDecimal * BigDecimal Test Sequence ***
Aug 24, 2026 11:09:54 AM com.sun.ts.tests.el.common.util.Validator testExpression
INFO: *** Start BigDecimal - BigDecimal Test Sequence ***
Aug 24, 2026 11:09:54 AM com.sun.ts.tests.el.common.util.Validator testExpression
INFO: expression to be evaluated is a = types.tckBigDecimal; a - b
Aug 24, 2026 11:09:54 AM com.sun.ts.tests.el.common.util.Validator testExpression
INFO: *** End BigDecimal - BigDecimal Test Sequence ***
Aug 24, 2026 11:09:54 AM com.sun.ts.tests.el.common.util.Validator testExpression
INFO: *** Start BigDecimal / BigDecimal Test Sequence ***
Aug 24, 2026 11:09:54 AM com.sun.ts.tests.el.common.util.Validator testExpression
INFO: expression to be evaluated is a = types.tckBigDecimal; a / b
Aug 24, 2026 11:09:54 AM com.sun.ts.tests.el.common.util.Validator testExpression
INFO: *** End BigDecimal / BigDecimal Test Sequence ***
Aug 24, 2026 11:09:54 AM com.sun.ts.tests.el.common.util.Validator testExpression
INFO: *** Start BigDecimal div BigDecimal Test Sequence ***
Aug 24, 2026 11:09:54 AM com.sun.ts.tests.el.common.util.Validator testExpression
INFO: expression to be evaluated is a = types.tckBigDecimal; a div b
Aug 24, 2026 11:09:54 AM com.sun.ts.tests.el.common.util.Validator testExpression
INFO: *** End BigDecimal div BigDecimal Test Sequence ***
Aug 24, 2026 11:09:54 AM com.sun.ts.tests.el.common.util.Validator testExpression
INFO: *** Start BigDecimal % BigDecimal Test Sequence ***
Aug 24, 2026 11:09:54 AM com.sun.ts.tests.el.common.util.Validator testExpression
INFO: expression to be evaluated is a = types.tckBigDecimal; a % b
Aug 24, 2026 11:09:54 AM com.sun.ts.tests.el.common.util.Validator testExpression
INFO: *** End BigDecimal % BigDecimal Test Sequence ***
Aug 24, 2026 11:09:54 AM com.sun.ts.tests.el.common.util.Validator testExpression
INFO: *** Start BigDecimal mod BigDecimal Test Sequence ***
Aug 24, 2026 11:09:54 AM com.sun.ts.tests.el.common.util.Validator testExpression
INFO: expression to be evaluated is a = types.tckBigDecimal; a mod b
Aug 24, 2026 11:09:54 AM com.sun.ts.tests.el.common.util.Validator testExpression
INFO: *** End BigDecimal mod BigDecimal Test Sequence ***
Aug 24, 2026 11:09:54 AM com.sun.ts.tests.el.common.util.Validator testExpression
INFO: *** Start BigDecimal + Short Test Sequence ***
Aug 24, 2026 11:09:54 AM com.sun.ts.tests.el.common.util.Validator testExpression
INFO: expression to be evaluated is a = types.tckBigDecimal; a + b
Aug 24, 2026 11:09:54 AM com.sun.ts.tests.el.common.util.Validator testExpression
INFO: *** End BigDecimal + Short Test Sequence ***
Aug 24, 2026 11:09:54 AM com.sun.ts.tests.el.common.util.Validator testExpression
INFO: *** Start BigDecimal * Short Test Sequence ***
Aug 24, 2026 11:09:54 AM com.sun.ts.tests.el.common.util.Validator testExpression
INFO: expression to be evaluated is a = types.tckBigDecimal; a * b
Aug 24, 2026 11:09:54 AM com.sun.ts.tests.el.common.util.Validator testExpression
INFO: *** End BigDecimal * Short Test Sequence ***
Aug 24, 2026 11:09:54 AM com.sun.ts.tests.el.common.util.Validator testExpression
INFO: *** Start BigDecimal - Short Test Sequence ***
Aug 24, 2026 11:09:54 AM com.sun.ts.tests.el.common.util.Validator testExpression
INFO: expression to be evaluated is a = types.tckBigDecimal; a - b
Aug 24, 2026 11:09:54 AM com.sun.ts.tests.el.common.util.Validator testExpression
INFO: *** End BigDecimal - Short Test Sequence ***
Aug 24, 2026 11:09:54 AM com.sun.ts.tests.el.common.util.Validator testExpression
INFO: *** Start BigDecimal / Short Test Sequence ***
Aug 24, 2026 11:09:54 AM com.sun.ts.tests.el.common.util.Validator testExpression
INFO: expression to be evaluated is a = types.tckBigDecimal; a / b
Aug 24, 2026 11:09:54 AM com.sun.ts.tests.el.common.util.Validator testExpression
INFO: *** End BigDecimal / Short Test Sequence ***
Aug 24, 2026 11:09:54 AM com.sun.ts.tests.el.common.util.Validator testExpression
INFO: *** Start BigDecimal div Short Test Sequence ***
Aug 24, 2026 11:09:54 AM com.sun.ts.tests.el.common.util.Validator testExpression
INFO: expression to be evaluated is a = types.tckBigDecimal; a div b
Aug 24, 2026 11:09:54 AM com.sun.ts.tests.el.common.util.Validator testExpression
INFO: *** End BigDecimal div Short Test Sequence ***
Aug 24, 2026 11:09:54 AM com.sun.ts.tests.el.common.util.Validator testExpression
INFO: *** Start BigDecimal % Short Test Sequence ***
Aug 24, 2026 11:09:54 AM com.sun.ts.tests.el.common.util.Validator testExpression
INFO: expression to be evaluated is a = types.tckBigDecimal; a % b
Aug 24, 2026 11:09:54 AM com.sun.ts.tests.el.common.util.Validator testExpression
INFO: *** End BigDecimal % Short Test Sequence ***
Aug 24, 2026 11:09:54 AM com.sun.ts.tests.el.common.util.Validator testExpression
INFO: *** Start BigDecimal mod Short Test Sequence ***
Aug 24, 2026 11:09:54 AM com.sun.ts.tests.el.common.util.Validator testExpression
INFO: expression to be evaluated is a = types.tckBigDecimal; a mod b
Aug 24, 2026 11:09:54 AM com.sun.ts.tests.el.common.util.Validator testExpression
INFO: *** End BigDecimal mod Short Test Sequence ***
Aug 24, 2026 11:09:54 AM com.sun.ts.tests.el.common.util.Validator testExpression
INFO: *** Start BigDecimal + Double Test Sequence ***
Aug 24, 2026 11:09:54 AM com.sun.ts.tests.el.common.util.Validator testExpression
INFO: expression to be evaluated is a = types.tckBigDecimal; a + b
Aug 24, 2026 11:09:54 AM com.sun.ts.tests.el.common.util.Validator testExpression
INFO: *** End BigDecimal + Double Test Sequence ***
Aug 24, 2026 11:09:54 AM com.sun.ts.tests.el.common.util.Validator testExpression
INFO: *** Start BigDecimal * Double Test Sequence ***
Aug 24, 2026 11:09:54 AM com.sun.ts.tests.el.common.util.Validator testExpression
INFO: expression to be evaluated is a = types.tckBigDecimal; a * b
Aug 24, 2026 11:09:54 AM com.sun.ts.tests.el.common.util.Validator testExpression
INFO: *** End BigDecimal * Double Test Sequence ***
Aug 24, 2026 11:09:54 AM com.sun.ts.tests.el.common.util.Validator testExpression
INFO: *** Start BigDecimal - Double Test Sequence ***
Aug 24, 2026 11:09:54 AM com.sun.ts.tests.el.common.util.Validator testExpression
INFO: expression to be evaluated is a = types.tckBigDecimal; a - b
Aug 24, 2026 11:09:54 AM com.sun.ts.tests.el.common.util.Validator testExpression
INFO: *** End BigDecimal - Double Test Sequence ***
Aug 24, 2026 11:09:54 AM com.sun.ts.tests.el.common.util.Validator testExpression
INFO: *** Start BigDecimal / Double Test Sequence ***
Aug 24, 2026 11:09:54 AM com.sun.ts.tests.el.common.util.Validator testExpression
INFO: expression to be evaluated is a = types.tckBigDecimal; a / b
Aug 24, 2026 11:09:54 AM com.sun.ts.tests.el.common.util.Validator testExpression
INFO: *** End BigDecimal / Double Test Sequence ***
Aug 24, 2026 11:09:54 AM com.sun.ts.tests.el.common.util.Validator testExpression
INFO: *** Start BigDecimal div Double Test Sequence ***
Aug 24, 2026 11:09:54 AM com.sun.ts.tests.el.common.util.Validator testExpression
INFO: expression to be evaluated is a = types.tckBigDecimal; a div b
Aug 24, 2026 11:09:54 AM com.sun.ts.tests.el.common.util.Validator testExpression
INFO: *** End BigDecimal div Double Test Sequence ***
Aug 24, 2026 11:09:54 AM com.sun.ts.tests.el.common.util.Validator testExpression
INFO: *** Start BigDecimal % Double Test Sequence ***
Aug 24, 2026 11:09:54 AM com.sun.ts.tests.el.common.util.Validator testExpression
INFO: expression to be evaluated is a = types.tckBigDecimal; a % b
Aug 24, 2026 11:09:54 AM com.sun.ts.tests.el.common.util.Validator testExpression
INFO: *** End BigDecimal % Double Test Sequence ***
Aug 24, 2026 11:09:54 AM com.sun.ts.tests.el.common.util.Validator testExpression
INFO: *** Start BigDecimal mod Double Test Sequence ***
Aug 24, 2026 11:09:54 AM com.sun.ts.tests.el.common.util.Validator testExpression
INFO: expression to be evaluated is a = types.tckBigDecimal; a mod b
Aug 24, 2026 11:09:54 AM com.sun.ts.tests.el.common.util.Validator testExpression
INFO: *** End BigDecimal mod Double Test Sequence ***
Aug 24, 2026 11:09:54 AM com.sun.ts.tests.el.common.util.Validator testExpression
INFO: *** Start BigDecimal + BigInteger Test Sequence ***
Aug 24, 2026 11:09:54 AM com.sun.ts.tests.el.common.util.Validator testExpression
INFO: expression to be evaluated is a = types.tckBigDecimal; a + b
Aug 24, 2026 11:09:54 AM com.sun.ts.tests.el.common.util.Validator testExpression
INFO: *** End BigDecimal + BigInteger Test Sequence ***
Aug 24, 2026 11:09:54 AM com.sun.ts.tests.el.common.util.Validator testExpression
INFO: *** Start BigDecimal * BigInteger Test Sequence ***
Aug 24, 2026 11:09:54 AM com.sun.ts.tests.el.common.util.Validator testExpression
INFO: expression to be evaluated is a = types.tckBigDecimal; a * b
Aug 24, 2026 11:09:54 AM com.sun.ts.tests.el.common.util.Validator testExpression
INFO: *** End BigDecimal * BigInteger Test Sequence ***
Aug 24, 2026 11:09:54 AM com.sun.ts.tests.el.common.util.Validator testExpression
INFO: *** Start BigDecimal - BigInteger Test Sequence ***
Aug 24, 2026 11:09:54 AM com.sun.ts.tests.el.common.util.Validator testExpression
INFO: expression to be evaluated is a = types.tckBigDecimal; a - b
Aug 24, 2026 11:09:54 AM com.sun.ts.tests.el.common.util.Validator testExpression
INFO: *** End BigDecimal - BigInteger Test Sequence ***
Aug 24, 2026 11:09:54 AM com.sun.ts.tests.el.common.util.Validator testExpression
INFO: *** Start BigDecimal / BigInteger Test Sequence ***
Aug 24, 2026 11:09:54 AM com.sun.ts.tests.el.common.util.Validator testExpression
INFO: expression to be evaluated is a = types.tckBigDecimal; a / b
Aug 24, 2026 11:09:54 AM com.sun.ts.tests.el.common.util.Validator testExpression
INFO: *** End BigDecimal / BigInteger Test Sequence ***
Aug 24, 2026 11:09:54 AM com.sun.ts.tests.el.common.util.Validator testExpression
INFO: *** Start BigDecimal div BigInteger Test Sequence ***
Aug 24, 2026 11:09:54 AM com.sun.ts.tests.el.common.util.Validator testExpression
INFO: expression to be evaluated is a = types.tckBigDecimal; a div b
Aug 24, 2026 11:09:54 AM com.sun.ts.tests.el.common.util.Validator testExpression
INFO: *** End BigDecimal div BigInteger Test Sequence ***
Aug 24, 2026 11:09:54 AM com.sun.ts.tests.el.common.util.Validator testExpression
INFO: *** Start BigDecimal % BigInteger Test Sequence ***
Aug 24, 2026 11:09:54 AM com.sun.ts.tests.el.common.util.Validator testExpression
INFO: expression to be evaluated is a = types.tckBigDecimal; a % b
Aug 24, 2026 11:09:54 AM com.sun.ts.tests.el.common.util.Validator testExpression
INFO: *** End BigDecimal % BigInteger Test Sequence ***
Aug 24, 2026 11:09:54 AM com.sun.ts.tests.el.common.util.Validator testExpression
INFO: *** Start BigDecimal mod BigInteger Test Sequence ***
Aug 24, 2026 11:09:54 AM com.sun.ts.tests.el.common.util.Validator testExpression
INFO: expression to be evaluated is a = types.tckBigDecimal; a mod b
Aug 24, 2026 11:09:54 AM com.sun.ts.tests.el.common.util.Validator testExpression
INFO: *** End BigDecimal mod BigInteger Test Sequence ***
Aug 24, 2026 11:09:54 AM com.sun.ts.tests.el.common.util.Validator testExpression
INFO: *** Start BigDecimal + Long Test Sequence ***
Aug 24, 2026 11:09:54 AM com.sun.ts.tests.el.common.util.Validator testExpression
INFO: expression to be evaluated is a = types.tckBigDecimal; a + b
Aug 24, 2026 11:09:54 AM com.sun.ts.tests.el.common.util.Validator testExpression
INFO: *** End BigDecimal + Long Test Sequence ***
Aug 24, 2026 11:09:54 AM com.sun.ts.tests.el.common.util.Validator testExpression
INFO: *** Start BigDecimal * Long Test Sequence ***
Aug 24, 2026 11:09:54 AM com.sun.ts.tests.el.common.util.Validator testExpression
INFO: expression to be evaluated is a = types.tckBigDecimal; a * b
Aug 24, 2026 11:09:54 AM com.sun.ts.tests.el.common.util.Validator testExpression
[...]
INFO: expression to be evaluated is a = types.tckFloat; a + b
Aug 24, 2026 11:09:54 AM com.sun.ts.tests.el.common.util.Validator testExpression
INFO: *** End Float + Short Test Sequence ***
Aug 24, 2026 11:09:54 AM com.sun.ts.tests.el.common.util.Validator testExpression
INFO: *** Start Float * Short Test Sequence ***
Aug 24, 2026 11:09:54 AM com.sun.ts.tests.el.common.util.Validator testExpression
INFO: expression to be evaluated is a = types.tckFloat; a * b
Aug 24, 2026 11:09:54 AM com.sun.ts.tests.el.common.util.Validator testExpression
INFO: *** End Float * Short Test Sequence ***
Aug 24, 2026 11:09:54 AM com.sun.ts.tests.el.common.util.Validator testExpression
INFO: *** Start Float - Short Test Sequence ***
Aug 24, 2026 11:09:54 AM com.sun.ts.tests.el.common.util.Validator testExpression
INFO: expression to be evaluated is a = types.tckFloat; a - b
Aug 24, 2026 11:09:54 AM com.sun.ts.tests.el.common.util.Validator testExpression
INFO: *** End Float - Short Test Sequence ***
Aug 24, 2026 11:09:54 AM com.sun.ts.tests.el.common.util.Validator testExpression
INFO: *** Start Float / Short Test Sequence ***
Aug 24, 2026 11:09:54 AM com.sun.ts.tests.el.common.util.Validator testExpression
INFO: expression to be evaluated is a = types.tckFloat; a / b
Aug 24, 2026 11:09:54 AM com.sun.ts.tests.el.common.util.Validator testExpression
INFO: *** End Float / Short Test Sequence ***
Aug 24, 2026 11:09:54 AM com.sun.ts.tests.el.common.util.Validator testExpression
INFO: *** Start Float div Short Test Sequence ***
Aug 24, 2026 11:09:54 AM com.sun.ts.tests.el.common.util.Validator testExpression
INFO: expression to be evaluated is a = types.tckFloat; a div b
Aug 24, 2026 11:09:54 AM com.sun.ts.tests.el.common.util.Validator testExpression
INFO: *** End Float div Short Test Sequence ***
Aug 24, 2026 11:09:54 AM com.sun.ts.tests.el.common.util.Validator testExpression
INFO: *** Start Float % Short Test Sequence ***
Aug 24, 2026 11:09:54 AM com.sun.ts.tests.el.common.util.Validator testExpression
INFO: expression to be evaluated is a = types.tckFloat; a % b
Aug 24, 2026 11:09:54 AM com.sun.ts.tests.el.common.util.Validator testExpression
INFO: *** End Float % Short Test Sequence ***
Aug 24, 2026 11:09:54 AM com.sun.ts.tests.el.common.util.Validator testExpression
INFO: *** Start Float mod Short Test Sequence ***
Aug 24, 2026 11:09:54 AM com.sun.ts.tests.el.common.util.Validator testExpression
INFO: expression to be evaluated is a = types.tckFloat; a mod b
Aug 24, 2026 11:09:54 AM com.sun.ts.tests.el.common.util.Validator testExpression
INFO: *** End Float mod Short Test Sequence ***
Aug 24, 2026 11:09:54 AM com.sun.ts.tests.el.common.util.Validator testExpression
INFO: *** Start Float + Double Test Sequence ***
Aug 24, 2026 11:09:54 AM com.sun.ts.tests.el.common.util.Validator testExpression
INFO: expression to be evaluated is a = types.tckFloat; a + b
Aug 24, 2026 11:09:54 AM com.sun.ts.tests.el.common.util.Validator testExpression
INFO: *** End Float + Double Test Sequence ***
Aug 24, 2026 11:09:54 AM com.sun.ts.tests.el.common.util.Validator testExpression
INFO: *** Start Float * Double Test Sequence ***
Aug 24, 2026 11:09:54 AM com.sun.ts.tests.el.common.util.Validator testExpression
INFO: expression to be evaluated is a = types.tckFloat; a * b
Aug 24, 2026 11:09:54 AM com.sun.ts.tests.el.common.util.Validator testExpression
INFO: *** End Float * Double Test Sequence ***
Aug 24, 2026 11:09:54 AM com.sun.ts.tests.el.common.util.Validator testExpression
INFO: *** Start Float - Double Test Sequence ***
Aug 24, 2026 11:09:54 AM com.sun.ts.tests.el.common.util.Validator testExpression
INFO: expression to be evaluated is a = types.tckFloat; a - b
Aug 24, 2026 11:09:54 AM com.sun.ts.tests.el.common.util.Validator testExpression
INFO: *** End Float - Double Test Sequence ***
Aug 24, 2026 11:09:54 AM com.sun.ts.tests.el.common.util.Validator testExpression
INFO: *** Start Float / Double Test Sequence ***
Aug 24, 2026 11:09:54 AM com.sun.ts.tests.el.common.util.Validator testExpression
INFO: expression to be evaluated is a = types.tckFloat; a / b
Aug 24, 2026 11:09:54 AM com.sun.ts.tests.el.common.util.Validator testExpression
INFO: *** End Float / Double Test Sequence ***
Aug 24, 2026 11:09:54 AM com.sun.ts.tests.el.common.util.Validator testExpression
INFO: *** Start Float div Double Test Sequence ***
Aug 24, 2026 11:09:54 AM com.sun.ts.tests.el.common.util.Validator testExpression
INFO: expression to be evaluated is a = types.tckFloat; a div b
Aug 24, 2026 11:09:54 AM com.sun.ts.tests.el.common.util.Validator testExpression
INFO: *** End Float div Double Test Sequence ***
Aug 24, 2026 11:09:54 AM com.sun.ts.tests.el.common.util.Validator testExpression
INFO: *** Start Float % Double Test Sequence ***
Aug 24, 2026 11:09:54 AM com.sun.ts.tests.el.common.util.Validator testExpression
INFO: expression to be evaluated is a = types.tckFloat; a % b
Aug 24, 2026 11:09:54 AM com.sun.ts.tests.el.common.util.Validator testExpression
INFO: *** End Float % Double Test Sequence ***
Aug 24, 2026 11:09:54 AM com.sun.ts.tests.el.common.util.Validator testExpression
INFO: *** Start Float mod Double Test Sequence ***
Aug 24, 2026 11:09:54 AM com.sun.ts.tests.el.common.util.Validator testExpression
INFO: expression to be evaluated is a = types.tckFloat; a mod b
Aug 24, 2026 11:09:54 AM com.sun.ts.tests.el.common.util.Validator testExpression
INFO: *** End Float mod Double Test Sequence ***
Aug 24, 2026 11:09:54 AM com.sun.ts.tests.el.common.util.Validator testExpression
INFO: *** Start Float + BigInteger Test Sequence ***
Aug 24, 2026 11:09:54 AM com.sun.ts.tests.el.common.util.Validator testExpression
INFO: expression to be evaluated is a = types.tckFloat; a + b
Aug 24, 2026 11:09:54 AM com.sun.ts.tests.el.common.util.Validator testExpression
INFO: *** End Float + BigInteger Test Sequence ***
Aug 24, 2026 11:09:54 AM com.sun.ts.tests.el.common.util.Validator testExpression
INFO: *** Start Float * BigInteger Test Sequence ***
Aug 24, 2026 11:09:54 AM com.sun.ts.tests.el.common.util.Validator testExpression
INFO: expression to be evaluated is a = types.tckFloat; a * b
Aug 24, 2026 11:09:54 AM com.sun.ts.tests.el.common.util.Validator testExpression
INFO: *** End Float * BigInteger Test Sequence ***
Aug 24, 2026 11:09:54 AM com.sun.ts.tests.el.common.util.Validator testExpression
INFO: *** Start Float - BigInteger Test Sequence ***
Aug 24, 2026 11:09:54 AM com.sun.ts.tests.el.common.util.Validator testExpression
INFO: expression to be evaluated is a = types.tckFloat; a - b
Aug 24, 2026 11:09:54 AM com.sun.ts.tests.el.common.util.Validator testExpression
INFO: *** End Float - BigInteger Test Sequence ***
Aug 24, 2026 11:09:54 AM com.sun.ts.tests.el.common.util.Validator testExpression
INFO: *** Start Float / BigInteger Test Sequence ***
Aug 24, 2026 11:09:54 AM com.sun.ts.tests.el.common.util.Validator testExpression
INFO: expression to be evaluated is a = types.tckFloat; a / b
Aug 24, 2026 11:09:54 AM com.sun.ts.tests.el.common.util.Validator testExpression
INFO: *** End Float / BigInteger Test Sequence ***
Aug 24, 2026 11:09:54 AM com.sun.ts.tests.el.common.util.Validator testExpression
INFO: *** Start Float div BigInteger Test Sequence ***
Aug 24, 2026 11:09:54 AM com.sun.ts.tests.el.common.util.Validator testExpression
INFO: expression to be evaluated is a = types.tckFloat; a div b
Aug 24, 2026 11:09:54 AM com.sun.ts.tests.el.common.util.Validator testExpression
INFO: *** End Float div BigInteger Test Sequence ***
Aug 24, 2026 11:09:54 AM com.sun.ts.tests.el.common.util.Validator testExpression
INFO: *** Start Float % BigInteger Test Sequence ***
Aug 24, 2026 11:09:54 AM com.sun.ts.tests.el.common.util.Validator testExpression
INFO: expression to be evaluated is a = types.tckFloat; a % b
Aug 24, 2026 11:09:54 AM com.sun.ts.tests.el.common.util.Validator testExpression
INFO: *** End Float % BigInteger Test Sequence ***
Aug 24, 2026 11:09:54 AM com.sun.ts.tests.el.common.util.Validator testExpression
INFO: *** Start Float mod BigInteger Test Sequence ***
Aug 24, 2026 11:09:54 AM com.sun.ts.tests.el.common.util.Validator testExpression
INFO: expression to be evaluated is a = types.tckFloat; a mod b
Aug 24, 2026 11:09:54 AM com.sun.ts.tests.el.common.util.Validator testExpression
INFO: *** End Float mod BigInteger Test Sequence ***
Aug 24, 2026 11:09:54 AM com.sun.ts.tests.el.common.util.Validator testExpression
INFO: *** Start Float + Long Test Sequence ***
Aug 24, 2026 11:09:54 AM com.sun.ts.tests.el.common.util.Validator testExpression
INFO: expression to be evaluated is a = types.tckFloat; a + b
Aug 24, 2026 11:09:54 AM com.sun.ts.tests.el.common.util.Validator testExpression
INFO: *** End Float + Long Test Sequence ***
Aug 24, 2026 11:09:54 AM com.sun.ts.tests.el.common.util.Validator testExpression
INFO: *** Start Float * Long Test Sequence ***
Aug 24, 2026 11:09:54 AM com.sun.ts.tests.el.common.util.Validator testExpression
INFO: expression to be evaluated is a = types.tckFloat; a * b
Aug 24, 2026 11:09:54 AM com.sun.ts.tests.el.common.util.Validator testExpression
INFO: *** End Float * Long Test Sequence ***
Aug 24, 2026 11:09:54 AM com.sun.ts.tests.el.common.util.Validator testExpression
INFO: *** Start Float - Long Test Sequence ***
Aug 24, 2026 11:09:54 AM com.sun.ts.tests.el.common.util.Validator testExpression
INFO: expression to be evaluated is a = types.tckFloat; a - b
Aug 24, 2026 11:09:54 AM com.sun.ts.tests.el.common.util.Validator testExpression
INFO: *** End Float - Long Test Sequence ***
Aug 24, 2026 11:09:54 AM com.sun.ts.tests.el.common.util.Validator testExpression
INFO: *** Start Float / Long Test Sequence ***
Aug 24, 2026 11:09:54 AM com.sun.ts.tests.el.common.util.Validator testExpression
INFO: expression to be evaluated is a = types.tckFloat; a / b
Aug 24, 2026 11:09:54 AM com.sun.ts.tests.el.common.util.Validator testExpression
INFO: *** End Float / Long Test Sequence ***
Aug 24, 2026 11:09:54 AM com.sun.ts.tests.el.common.util.Validator testExpression
INFO: *** Start Float div Long Test Sequence ***
Aug 24, 2026 11:09:54 AM com.sun.ts.tests.el.common.util.Validator testExpression
INFO: expression to be evaluated is a = types.tckFloat; a div b
Aug 24, 2026 11:09:54 AM com.sun.ts.tests.el.common.util.Validator testExpression
INFO: *** End Float div Long Test Sequence ***
Aug 24, 2026 11:09:54 AM com.sun.ts.tests.el.common.util.Validator testExpression
INFO: *** Start Float % Long Test Sequence ***
Aug 24, 2026 11:09:54 AM com.sun.ts.tests.el.common.util.Validator testExpression
INFO: expression to be evaluated is a = types.tckFloat; a % b
Aug 24, 2026 11:09:54 AM com.sun.ts.tests.el.common.util.Validator testExpression
INFO: *** End Float % Long Test Sequence ***
Aug 24, 2026 11:09:54 AM com.sun.ts.tests.el.common.util.Validator testExpression
INFO: *** Start Float mod Long Test Sequence ***
Aug 24, 2026 11:09:54 AM com.sun.ts.tests.el.common.util.Validator testExpression
INFO: expression to be evaluated is a = types.tckFloat; a mod b
Aug 24, 2026 11:09:54 AM com.sun.ts.tests.el.common.util.Validator testExpression
INFO: *** End Float mod Long Test Sequence ***
Aug 24, 2026 11:09:54 AM com.sun.ts.tests.el.common.util.Validator testExpression
INFO: *** Start Float + Byte Test Sequence ***
Aug 24, 2026 11:09:54 AM com.sun.ts.tests.el.common.util.Validator testExpression
INFO: expression to be evaluated is a = types.tckFloat; a + b
Aug 24, 2026 11:09:54 AM com.sun.ts.tests.el.common.util.Validator testExpression
INFO: *** End Float + Byte Test Sequence ***
Aug 24, 2026 11:09:54 AM com.sun.ts.tests.el.common.util.Validator testExpression
INFO: *** Start Float * Byte Test Sequence ***
Aug 24, 2026 11:09:54 AM com.sun.ts.tests.el.common.util.Validator testExpression
INFO: expression to be evaluated is a = types.tckFloat; a * b
Aug 24, 2026 11:09:54 AM com.sun.ts.tests.el.common.util.Validator testExpression
INFO: *** End Float * Byte Test Sequence ***
Aug 24, 2026 11:09:54 AM com.sun.ts.tests.el.common.util.Validator testExpression
INFO: *** Start Float - Byte Test Sequence ***
Aug 24, 2026 11:09:54 AM com.sun.ts.tests.el.common.util.Validator testExpression
INFO: expression to be evaluated is a = types.tckFloat; a - b
Aug 24, 2026 11:09:54 AM com.sun.ts.tests.el.common.util.Validator testExpression
INFO: *** End Float - Byte Test Sequence ***
Aug 24, 2026 11:09:54 AM com.sun.ts.tests.el.common.util.Validator testExpression
INFO: *** Start Float / Byte Test Sequence ***
Aug 24, 2026 11:09:54 AM com.sun.ts.tests.el.common.util.Validator testExpression
INFO: expression to be evaluated is a = types.tckFloat; a / b
Aug 24, 2026 11:09:54 AM com.sun.ts.tests.el.common.util.Validator testExpression
INFO: *** End Float / Byte Test Sequence ***
Aug 24, 2026 11:09:54 AM com.sun.ts.tests.el.common.util.Validator testExpression
INFO: *** Start Float div Byte Test Sequence ***
Aug 24, 2026 11:09:54 AM com.sun.ts.tests.el.common.util.Validator testExpression
INFO: expression to be evaluated is a = types.tckFloat; a div b
Aug 24, 2026 11:09:54 AM com.sun.ts.tests.el.common.util.Validator testExpression
INFO: *** End Float div Byte Test Sequence ***
Aug 24, 2026 11:09:54 AM com.sun.ts.tests.el.common.util.Validator testExpression
INFO: *** Start Float % Byte Test Sequence ***
Aug 24, 2026 11:09:54 AM com.sun.ts.tests.el.common.util.Validator testExpression
INFO: expression to be evaluated is a = types.tckFloat; a % b
Aug 24, 2026 11:09:54 AM com.sun.ts.tests.el.common.util.Validator testExpression
INFO: *** End Float % Byte Test Sequence ***
Aug 24, 2026 11:09:54 AM com.sun.ts.tests.el.common.util.Validator testExpression
INFO: *** Start Float mod Byte Test Sequence ***
Aug 24, 2026 11:09:54 AM com.sun.ts.tests.el.common.util.Validator testExpression
INFO: expression to be evaluated is a = types.tckFloat; a mod b
Aug 24, 2026 11:09:54 AM com.sun.ts.tests.el.common.util.Validator testExpression
INFO: *** End Float mod Byte Test Sequence ***
Aug 24, 2026 11:09:54 AM com.sun.ts.tests.el.common.util.Validator testExpression
INFO: *** Start Float + Integer Test Sequence ***
Aug 24, 2026 11:09:54 AM com.sun.ts.tests.el.common.util.Validator testExpression
INFO: expression to be evaluated is a = types.tckFloat; a + b
Aug 24, 2026 11:09:54 AM com.sun.ts.tests.el.common.util.Validator testExpression
INFO: *** End Float + Integer Test Sequence ***
Aug 24, 2026 11:09:54 AM com.sun.ts.tests.el.common.util.Validator testExpression
INFO: *** Start Float * Integer Test Sequence ***
Aug 24, 2026 11:09:54 AM com.sun.ts.tests.el.common.util.Validator testExpression
INFO: expression to be evaluated is a = types.tckFloat; a * b
Aug 24, 2026 11:09:54 AM com.sun.ts.tests.el.common.util.Validator testExpression
INFO: *** End Float * Integer Test Sequence ***
Aug 24, 2026 11:09:54 AM com.sun.ts.tests.el.common.util.Validator testExpression
INFO: *** Start Float - Integer Test Sequence ***
Aug 24, 2026 11:09:54 AM com.sun.ts.tests.el.common.util.Validator testExpression
INFO: expression to be evaluated is a = types.tckFloat; a - b
Aug 24, 2026 11:09:54 AM com.sun.ts.tests.el.common.util.Validator testExpression
INFO: *** End Float - Integer Test Sequence ***
Aug 24, 2026 11:09:54 AM com.sun.ts.tests.el.common.util.Validator testExpression
INFO: *** Start Float / Integer Test Sequence ***
Aug 24, 2026 11:09:54 AM com.sun.ts.tests.el.common.util.Validator testExpression
INFO: expression to be evaluated is a = types.tckFloat; a / b
Aug 24, 2026 11:09:54 AM com.sun.ts.tests.el.common.util.Validator testExpression
INFO: *** End Float / Integer Test Sequence ***
Aug 24, 2026 11:09:54 AM com.sun.ts.tests.el.common.util.Validator testExpression
INFO: *** Start Float div Integer Test Sequence ***
Aug 24, 2026 11:09:54 AM com.sun.ts.tests.el.common.util.Validator testExpression
INFO: expression to be evaluated is a = types.tckFloat; a div b
Aug 24, 2026 11:09:54 AM com.sun.ts.tests.el.common.util.Validator testExpression
INFO: *** End Float div Integer Test Sequence ***
Aug 24, 2026 11:09:54 AM com.sun.ts.tests.el.common.util.Validator testExpression
INFO: *** Start Float % Integer Test Sequence ***
Aug 24, 2026 11:09:54 AM com.sun.ts.tests.el.common.util.Validator testExpression
INFO: expression to be evaluated is a = types.tckFloat; a % b
Aug 24, 2026 11:09:54 AM com.sun.ts.tests.el.common.util.Validator testExpression
INFO: *** End Float % Integer Test Sequence ***
Aug 24, 2026 11:09:54 AM com.sun.ts.tests.el.common.util.Validator testExpression
INFO: *** Start Float mod Integer Test Sequence ***
Aug 24, 2026 11:09:54 AM com.sun.ts.tests.el.common.util.Validator testExpression
INFO: expression to be evaluated is a = types.tckFloat; a mod b
Aug 24, 2026 11:09:54 AM com.sun.ts.tests.el.common.util.Validator testExpression
INFO: *** End Float mod Integer Test Sequence ***
Aug 24, 2026 11:09:54 AM com.sun.ts.tests.el.common.util.Validator testExpression
INFO: *** Start Float + Float Test Sequence ***
Aug 24, 2026 11:09:54 AM com.sun.ts.tests.el.common.util.Validator testExpression
INFO: expression to be evaluated is a = types.tckFloat; a + b
Aug 24, 2026 11:09:54 AM com.sun.ts.tests.el.common.util.Validator testExpression
INFO: *** End Float + Float Test Sequence ***
Aug 24, 2026 11:09:54 AM com.sun.ts.tests.el.common.util.Validator testExpression
INFO: *** Start Float * Float Test Sequence ***
Aug 24, 2026 11:09:54 AM com.sun.ts.tests.el.common.util.Validator testExpression
INFO: expression to be evaluated is a = types.tckFloat; a * b
Aug 24, 2026 11:09:54 AM com.sun.ts.tests.el.common.util.Validator testExpression
INFO: *** End Float * Float Test Sequence ***
Aug 24, 2026 11:09:54 AM com.sun.ts.tests.el.common.util.Validator testExpression
INFO: *** Start Float - Float Test Sequence ***
Aug 24, 2026 11:09:54 AM com.sun.ts.tests.el.common.util.Validator testExpression
INFO: expression to be evaluated is a = types.tckFloat; a - b
Aug 24, 2026 11:09:54 AM com.sun.ts.tests.el.common.util.Validator testExpression
INFO: *** End Float - Float Test Sequence ***
Aug 24, 2026 11:09:54 AM com.sun.ts.tests.el.common.util.Validator testExpression
INFO: *** Start Float / Float Test Sequence ***
Aug 24, 2026 11:09:54 AM com.sun.ts.tests.el.common.util.Validator testExpression
INFO: expression to be evaluated is a = types.tckFloat; a / b
Aug 24, 2026 11:09:54 AM com.sun.ts.tests.el.common.util.Validator testExpression
INFO: *** End Float / Float Test Sequence ***
Aug 24, 2026 11:09:54 AM com.sun.ts.tests.el.common.util.Validator testExpression
INFO: *** Start Float div Float Test Sequence ***
Aug 24, 2026 11:09:54 AM com.sun.ts.tests.el.common.util.Validator testExpression
INFO: expression to be evaluated is a = types.tckFloat; a div b
Aug 24, 2026 11:09:54 AM com.sun.ts.tests.el.common.util.Validator testExpression
INFO: *** End Float div Float Test Sequence ***
Aug 24, 2026 11:09:54 AM com.sun.ts.tests.el.common.util.Validator testExpression
INFO: *** Start Float % Float Test Sequence ***
Aug 24, 2026 11:09:54 AM com.sun.ts.tests.el.common.util.Validator testExpression
INFO: expression to be evaluated is a = types.tckFloat; a % b
Aug 24, 2026 11:09:54 AM com.sun.ts.tests.el.common.util.Validator testExpression
INFO: *** End Float % Float Test Sequence ***
Aug 24, 2026 11:09:54 AM com.sun.ts.tests.el.common.util.Validator testExpression
INFO: *** Start Float mod Float Test Sequence ***
Aug 24, 2026 11:09:54 AM com.sun.ts.tests.el.common.util.Validator testExpression
INFO: expression to be evaluated is a = types.tckFloat; a mod b
Aug 24, 2026 11:09:54 AM com.sun.ts.tests.el.common.util.Validator testExpression
INFO: *** End Float mod Float Test Sequence ***
Aug 24, 2026 11:09:54 AM com.sun.ts.tests.el.spec.semicolonoperator.ELClientIT logFinishTest
INFO: FINISHED TEST : elSemiColonOperatorFloatTest()
Aug 24, 2026 11:09:54 AM com.sun.ts.tests.el.spec.semicolonoperator.ELClientIT cleanup
INFO: Cleanup method called
]]></system-err>
</testsuite>
